
> e2e-ai-testing-framework@1.0.0 onboard
> tsx src/core/onboarding/cli.ts crawl --app=orangehrm

[storage] Using SQLite (better-sqlite3): ./forge-framework.db
[migration] Already up to date.
[CLI] Loading config: C:\e2e-ai-testing-framework\src\apps\desktop\ui\orangehrm\onboarding.orangehrm.config.ts
[FORGE Crawler] Starting crawl of https://opensource-demo.orangehrmlive.com | Budget: pages=30 depth=3 ai=30
[FORGE Crawler] Role: adminUser — authenticating...
[AuthManager] Authenticated as adminUser — start URL: https://opensource-demo.orangehrmlive.com/web/index.php/dashboard/index
[StrategyDetector] Using config override: spa
[FORGE Crawler] Role: adminUser | Mode: spa | Start: https://opensource-demo.orangehrmlive.com/web/index.php/dashboard/index
[SPAStrategy] Starting from: https://opensource-demo.orangehrmlive.com/web/index.php/dashboard/index | Budget: 30 pages | maxDepth: 3
[ElementClassifier] AI naming 10 elements on "web-index-php-dashboard-index" (budget remaining: 29)
[ElementClassifier] Duplicate name "upgrade" on "web-index-php-dashboard-index" (2 elements) with no structural/container info to disambiguate meaningfully — falling back to numeric suffix. This may indicate two unrelated elements share a label, or that the structural detector failed to find a real repeated container; consider reviewing this page's DOM manually.
[ElementClassifier] Disambiguated duplicate name "upgrade" on "web-index-php-dashboard-index" (2 elements) -> upgrade_2
[FORGE Crawler] Discovered: https://opensource-demo.orangehrmlive.com/web/index.php/dashboard/index (depth 0, role: spa, elements: 26, links: 11)
[SPAStrategy] Depth 0 → 1: 20 new URL(s) discovered
[ElementClassifier] AI naming 20 elements on "web-index-php-admin-viewAdminModule" (budget remaining: 28)
[ElementClassifier] AI naming 20 elements on "web-index-php-admin-viewAdminModule" (budget remaining: 27)
[ElementClassifier] AI naming 20 elements on "web-index-php-admin-viewAdminModule" (budget remaining: 26)
[ElementClassifier] AI naming 19 elements on "web-index-php-admin-viewAdminModule" (budget remaining: 25)
[ElementClassifier] Duplicate name "search" on "web-index-php-admin-viewAdminModule" (2 elements) with no structural/container info to disambiguate meaningfully — falling back to numeric suffix. This may indicate two unrelated elements share a label, or that the structural detector failed to find a real repeated container; consider reviewing this page's DOM manually.
[ElementClassifier] Disambiguated duplicate name "search" on "web-index-php-admin-viewAdminModule" (2 elements) -> search_2
[ElementClassifier] Duplicate name "upgrade" on "web-index-php-admin-viewAdminModule" (2 elements) with no structural/container info to disambiguate meaningfully — falling back to numeric suffix. This may indicate two unrelated elements share a label, or that the structural detector failed to find a real repeated container; consider reviewing this page's DOM manually.
[ElementClassifier] Disambiguated duplicate name "upgrade" on "web-index-php-admin-viewAdminModule" (2 elements) -> upgrade_2
[ElementClassifier] Disambiguated duplicate name "actionButton1" on "web-index-php-admin-viewAdminModule" (2 elements) -> actionButton12, actionButton11
[ElementClassifier] Residual name collision on "web-index-php-admin-viewAdminModule" after disambiguating "selectCheckbox1" — "selectCheckbox11" still duplicated; appending running-counter suffix -> "selectCheckbox11_2"
[ElementClassifier] Disambiguated duplicate name "selectCheckbox1" on "web-index-php-admin-viewAdminModule" (2 elements) -> selectCheckbox11, selectCheckbox11_2
[ElementClassifier] Residual name collision on "web-index-php-admin-viewAdminModule" after disambiguating "actionButton2" — "actionButton22" still duplicated; appending running-counter suffix -> "actionButton22_2"
[ElementClassifier] Disambiguated duplicate name "actionButton2" on "web-index-php-admin-viewAdminModule" (2 elements) -> actionButton22, actionButton22_2
[ElementClassifier] Residual name collision on "web-index-php-admin-viewAdminModule" after disambiguating "selectCheckbox2" — "selectCheckbox21" still duplicated; appending running-counter suffix -> "selectCheckbox21_2"
[ElementClassifier] Disambiguated duplicate name "selectCheckbox2" on "web-index-php-admin-viewAdminModule" (2 elements) -> selectCheckbox21, selectCheckbox21_2
[ElementClassifier] Disambiguated duplicate name "actionButton3" on "web-index-php-admin-viewAdminModule" (2 elements) -> actionButton32, actionButton31
[ElementClassifier] Residual name collision on "web-index-php-admin-viewAdminModule" after disambiguating "selectCheckbox3" — "selectCheckbox31" still duplicated; appending running-counter suffix -> "selectCheckbox31_2"
[ElementClassifier] Disambiguated duplicate name "selectCheckbox3" on "web-index-php-admin-viewAdminModule" (2 elements) -> selectCheckbox31, selectCheckbox31_2
[ElementClassifier] Residual name collision on "web-index-php-admin-viewAdminModule" after disambiguating "actionButton4" — "actionButton42" still duplicated; appending running-counter suffix -> "actionButton42_2"
[ElementClassifier] Disambiguated duplicate name "actionButton4" on "web-index-php-admin-viewAdminModule" (2 elements) -> actionButton42, actionButton42_2
[ElementClassifier] Residual name collision on "web-index-php-admin-viewAdminModule" after disambiguating "selectCheckbox4" — "selectCheckbox41" still duplicated; appending running-counter suffix -> "selectCheckbox41_2"
[ElementClassifier] Disambiguated duplicate name "selectCheckbox4" on "web-index-php-admin-viewAdminModule" (2 elements) -> selectCheckbox41, selectCheckbox41_2
[ElementClassifier] Disambiguated duplicate name "actionButton5" on "web-index-php-admin-viewAdminModule" (2 elements) -> actionButton52, actionButton51
[ElementClassifier] Residual name collision on "web-index-php-admin-viewAdminModule" after disambiguating "selectCheckbox5" — "selectCheckbox51" still duplicated; appending running-counter suffix -> "selectCheckbox51_2"
[ElementClassifier] Disambiguated duplicate name "selectCheckbox5" on "web-index-php-admin-viewAdminModule" (2 elements) -> selectCheckbox51, selectCheckbox51_2
[ElementClassifier] Residual name collision on "web-index-php-admin-viewAdminModule" after disambiguating "actionButton6" — "actionButton62" still duplicated; appending running-counter suffix -> "actionButton62_2"
[ElementClassifier] Disambiguated duplicate name "actionButton6" on "web-index-php-admin-viewAdminModule" (2 elements) -> actionButton62, actionButton62_2
[ElementClassifier] Residual name collision on "web-index-php-admin-viewAdminModule" after disambiguating "selectCheckbox6" — "selectCheckbox61" still duplicated; appending running-counter suffix -> "selectCheckbox61_2"
[ElementClassifier] Disambiguated duplicate name "selectCheckbox6" on "web-index-php-admin-viewAdminModule" (2 elements) -> selectCheckbox61, selectCheckbox61_2
[ElementClassifier] Disambiguated duplicate name "actionButton7" on "web-index-php-admin-viewAdminModule" (2 elements) -> actionButton72, actionButton71
[FORGE Crawler] Discovered: https://opensource-demo.orangehrmlive.com/web/index.php/admin/viewAdminModule (depth 1, role: spa, elements: 100, links: 11)
[ElementClassifier] AI naming 20 elements on "web-index-php-pim-viewPimModule" (budget remaining: 24)
[ElementClassifier] AI naming 20 elements on "web-index-php-pim-viewPimModule" (budget remaining: 23)
[ElementClassifier] AI naming 20 elements on "web-index-php-pim-viewPimModule" (budget remaining: 22)
[ElementClassifier] AI naming 17 elements on "web-index-php-pim-viewPimModule" (budget remaining: 21)
[ElementClassifier] Duplicate name "search" on "web-index-php-pim-viewPimModule" (2 elements) with no structural/container info to disambiguate meaningfully — falling back to numeric suffix. This may indicate two unrelated elements share a label, or that the structural detector failed to find a real repeated container; consider reviewing this page's DOM manually.
[ElementClassifier] Disambiguated duplicate name "search" on "web-index-php-pim-viewPimModule" (2 elements) -> search_2
[ElementClassifier] Duplicate name "upgrade" on "web-index-php-pim-viewPimModule" (2 elements) with no structural/container info to disambiguate meaningfully — falling back to numeric suffix. This may indicate two unrelated elements share a label, or that the structural detector failed to find a real repeated container; consider reviewing this page's DOM manually.
[ElementClassifier] Disambiguated duplicate name "upgrade" on "web-index-php-pim-viewPimModule" (2 elements) -> upgrade_2
[ElementClassifier] Disambiguated duplicate name "typeForHints" on "web-index-php-pim-viewPimModule" (2 elements) -> typeForHintsEmployeeName, typeForHintsSupervisorName
[ElementClassifier] Disambiguated duplicate name "pimItemButton1" on "web-index-php-pim-viewPimModule" (2 elements) -> pimItemButton12, pimItemButton11
[ElementClassifier] Residual name collision on "web-index-php-pim-viewPimModule" after disambiguating "pimItemCheckbox1" — "pimItemCheckbox11" still duplicated; appending running-counter suffix -> "pimItemCheckbox11_2"
[ElementClassifier] Residual name collision on "web-index-php-pim-viewPimModule" after disambiguating "pimItemCheckbox1" — "pimItemCheckbox11" still duplicated; appending running-counter suffix -> "pimItemCheckbox11_3"
[ElementClassifier] Disambiguated duplicate name "pimItemCheckbox1" on "web-index-php-pim-viewPimModule" (3 elements) -> pimItemCheckbox11, pimItemCheckbox11_2, pimItemCheckbox11_3
[ElementClassifier] Residual name collision on "web-index-php-pim-viewPimModule" after disambiguating "pimItemEditButton1" — "pimItemEditButton11" still duplicated; appending running-counter suffix -> "pimItemEditButton11_2"
[ElementClassifier] Disambiguated duplicate name "pimItemEditButton1" on "web-index-php-pim-viewPimModule" (2 elements) -> pimItemEditButton11, pimItemEditButton11_2
[ElementClassifier] Residual name collision on "web-index-php-pim-viewPimModule" after disambiguating "pimItemButton2" — "pimItemButton22" still duplicated; appending running-counter suffix -> "pimItemButton22_2"
[ElementClassifier] Disambiguated duplicate name "pimItemButton2" on "web-index-php-pim-viewPimModule" (2 elements) -> pimItemButton22, pimItemButton22_2
[ElementClassifier] Residual name collision on "web-index-php-pim-viewPimModule" after disambiguating "pimItemCheckbox2" — "pimItemCheckbox21" still duplicated; appending running-counter suffix -> "pimItemCheckbox21_2"
[ElementClassifier] Residual name collision on "web-index-php-pim-viewPimModule" after disambiguating "pimItemCheckbox2" — "pimItemCheckbox21" still duplicated; appending running-counter suffix -> "pimItemCheckbox21_3"
[ElementClassifier] Disambiguated duplicate name "pimItemCheckbox2" on "web-index-php-pim-viewPimModule" (3 elements) -> pimItemCheckbox21, pimItemCheckbox21_2, pimItemCheckbox21_3
[ElementClassifier] Residual name collision on "web-index-php-pim-viewPimModule" after disambiguating "pimItemEditButton2" — "pimItemEditButton21" still duplicated; appending running-counter suffix -> "pimItemEditButton21_2"
[ElementClassifier] Disambiguated duplicate name "pimItemEditButton2" on "web-index-php-pim-viewPimModule" (2 elements) -> pimItemEditButton21, pimItemEditButton21_2
[ElementClassifier] Disambiguated duplicate name "pimItemButton3" on "web-index-php-pim-viewPimModule" (2 elements) -> pimItemButton32, pimItemButton31
[ElementClassifier] Residual name collision on "web-index-php-pim-viewPimModule" after disambiguating "pimItemCheckbox3" — "pimItemCheckbox31" still duplicated; appending running-counter suffix -> "pimItemCheckbox31_2"
[ElementClassifier] Residual name collision on "web-index-php-pim-viewPimModule" after disambiguating "pimItemCheckbox3" — "pimItemCheckbox31" still duplicated; appending running-counter suffix -> "pimItemCheckbox31_3"
[ElementClassifier] Disambiguated duplicate name "pimItemCheckbox3" on "web-index-php-pim-viewPimModule" (3 elements) -> pimItemCheckbox31, pimItemCheckbox31_2, pimItemCheckbox31_3
[ElementClassifier] Residual name collision on "web-index-php-pim-viewPimModule" after disambiguating "pimItemEditButton3" — "pimItemEditButton31" still duplicated; appending running-counter suffix -> "pimItemEditButton31_2"
[ElementClassifier] Disambiguated duplicate name "pimItemEditButton3" on "web-index-php-pim-viewPimModule" (2 elements) -> pimItemEditButton31, pimItemEditButton31_2
[ElementClassifier] Residual name collision on "web-index-php-pim-viewPimModule" after disambiguating "pimItemButton4" — "pimItemButton42" still duplicated; appending running-counter suffix -> "pimItemButton42_2"
[ElementClassifier] Disambiguated duplicate name "pimItemButton4" on "web-index-php-pim-viewPimModule" (2 elements) -> pimItemButton42, pimItemButton42_2
[ElementClassifier] Residual name collision on "web-index-php-pim-viewPimModule" after disambiguating "pimItemCheckbox4" — "pimItemCheckbox41" still duplicated; appending running-counter suffix -> "pimItemCheckbox41_2"
[ElementClassifier] Residual name collision on "web-index-php-pim-viewPimModule" after disambiguating "pimItemCheckbox4" — "pimItemCheckbox41" still duplicated; appending running-counter suffix -> "pimItemCheckbox41_3"
[ElementClassifier] Disambiguated duplicate name "pimItemCheckbox4" on "web-index-php-pim-viewPimModule" (3 elements) -> pimItemCheckbox41, pimItemCheckbox41_2, pimItemCheckbox41_3
[ElementClassifier] Residual name collision on "web-index-php-pim-viewPimModule" after disambiguating "pimItemEditButton4" — "pimItemEditButton41" still duplicated; appending running-counter suffix -> "pimItemEditButton41_2"
[ElementClassifier] Disambiguated duplicate name "pimItemEditButton4" on "web-index-php-pim-viewPimModule" (2 elements) -> pimItemEditButton41, pimItemEditButton41_2
[ElementClassifier] Disambiguated duplicate name "pimItemButton5" on "web-index-php-pim-viewPimModule" (2 elements) -> pimItemButton52, pimItemButton51
[ElementClassifier] Residual name collision on "web-index-php-pim-viewPimModule" after disambiguating "pimItemCheckbox5" — "pimItemCheckbox51" still duplicated; appending running-counter suffix -> "pimItemCheckbox51_2"
[ElementClassifier] Residual name collision on "web-index-php-pim-viewPimModule" after disambiguating "pimItemCheckbox5" — "pimItemCheckbox51" still duplicated; appending running-counter suffix -> "pimItemCheckbox51_3"
[ElementClassifier] Disambiguated duplicate name "pimItemCheckbox5" on "web-index-php-pim-viewPimModule" (3 elements) -> pimItemCheckbox51, pimItemCheckbox51_2, pimItemCheckbox51_3
[ElementClassifier] Residual name collision on "web-index-php-pim-viewPimModule" after disambiguating "pimItemEditButton5" — "pimItemEditButton51" still duplicated; appending running-counter suffix -> "pimItemEditButton51_2"
[ElementClassifier] Disambiguated duplicate name "pimItemEditButton5" on "web-index-php-pim-viewPimModule" (2 elements) -> pimItemEditButton51, pimItemEditButton51_2
[ElementClassifier] Residual name collision on "web-index-php-pim-viewPimModule" after disambiguating "pimItemButton6" — "pimItemButton62" still duplicated; appending running-counter suffix -> "pimItemButton62_2"
[ElementClassifier] Disambiguated duplicate name "pimItemButton6" on "web-index-php-pim-viewPimModule" (2 elements) -> pimItemButton62, pimItemButton62_2
[ElementClassifier] Residual name collision on "web-index-php-pim-viewPimModule" after disambiguating "pimItemCheckbox6" — "pimItemCheckbox61" still duplicated; appending running-counter suffix -> "pimItemCheckbox61_2"
[ElementClassifier] Residual name collision on "web-index-php-pim-viewPimModule" after disambiguating "pimItemCheckbox6" — "pimItemCheckbox61" still duplicated; appending running-counter suffix -> "pimItemCheckbox61_3"
[ElementClassifier] Disambiguated duplicate name "pimItemCheckbox6" on "web-index-php-pim-viewPimModule" (3 elements) -> pimItemCheckbox61, pimItemCheckbox61_2, pimItemCheckbox61_3
[ElementClassifier] Residual name collision on "web-index-php-pim-viewPimModule" after disambiguating "pimItemEditButton6" — "pimItemEditButton61" still duplicated; appending running-counter suffix -> "pimItemEditButton61_2"
[ElementClassifier] Disambiguated duplicate name "pimItemEditButton6" on "web-index-php-pim-viewPimModule" (2 elements) -> pimItemEditButton61, pimItemEditButton61_2
[ElementClassifier] Disambiguated duplicate name "pimItemButton7" on "web-index-php-pim-viewPimModule" (2 elements) -> pimItemButton72, pimItemButton71
[FORGE Crawler] Discovered: https://opensource-demo.orangehrmlive.com/web/index.php/pim/viewPimModule (depth 1, role: spa, elements: 100, links: 11)
[ElementClassifier] AI naming 8 elements on "web-index-php-leave-viewLeaveModule" (budget remaining: 20)
[ElementClassifier] Duplicate name "search" on "web-index-php-leave-viewLeaveModule" (2 elements) with no structural/container info to disambiguate meaningfully — falling back to numeric suffix. This may indicate two unrelated elements share a label, or that the structural detector failed to find a real repeated container; consider reviewing this page's DOM manually.
[ElementClassifier] Disambiguated duplicate name "search" on "web-index-php-leave-viewLeaveModule" (2 elements) -> search_2
[ElementClassifier] Duplicate name "upgrade" on "web-index-php-leave-viewLeaveModule" (2 elements) with no structural/container info to disambiguate meaningfully — falling back to numeric suffix. This may indicate two unrelated elements share a label, or that the structural detector failed to find a real repeated container; consider reviewing this page's DOM manually.
[ElementClassifier] Disambiguated duplicate name "upgrade" on "web-index-php-leave-viewLeaveModule" (2 elements) -> upgrade_2
[ElementClassifier] Disambiguated duplicate name "yyyyDdMm" on "web-index-php-leave-viewLeaveModule" (2 elements) -> yyyyDdMmFromDate, yyyyDdMmToDate
[FORGE Crawler] Discovered: https://opensource-demo.orangehrmlive.com/web/index.php/leave/viewLeaveModule (depth 1, role: spa, elements: 33, links: 11)
[ElementClassifier] AI naming 3 elements on "web-index-php-time-viewTimeModule" (budget remaining: 19)
[ElementClassifier] Duplicate name "upgrade" on "web-index-php-time-viewTimeModule" (2 elements) with no structural/container info to disambiguate meaningfully — falling back to numeric suffix. This may indicate two unrelated elements share a label, or that the structural detector failed to find a real repeated container; consider reviewing this page's DOM manually.
[ElementClassifier] Disambiguated duplicate name "upgrade" on "web-index-php-time-viewTimeModule" (2 elements) -> upgrade_2
[ElementClassifier] Duplicate name "view" on "web-index-php-time-viewTimeModule" (4 elements) with no structural/container info to disambiguate meaningfully — falling back to numeric suffix. This may indicate two unrelated elements share a label, or that the structural detector failed to find a real repeated container; consider reviewing this page's DOM manually.
[ElementClassifier] Disambiguated duplicate name "view" on "web-index-php-time-viewTimeModule" (4 elements) -> view_2, view_3, view_4
[FORGE Crawler] Discovered: https://opensource-demo.orangehrmlive.com/web/index.php/time/viewTimeModule (depth 1, role: spa, elements: 24, links: 11)
[ElementClassifier] AI naming 4 elements on "web-index-php-recruitment-viewRecruitmentModule" (budget remaining: 18)
[ElementClassifier] Duplicate name "search" on "web-index-php-recruitment-viewRecruitmentModule" (2 elements) with no structural/container info to disambiguate meaningfully — falling back to numeric suffix. This may indicate two unrelated elements share a label, or that the structural detector failed to find a real repeated container; consider reviewing this page's DOM manually.
[ElementClassifier] Disambiguated duplicate name "search" on "web-index-php-recruitment-viewRecruitmentModule" (2 elements) -> search_2
[ElementClassifier] Duplicate name "upgrade" on "web-index-php-recruitment-viewRecruitmentModule" (2 elements) with no structural/container info to disambiguate meaningfully — falling back to numeric suffix. This may indicate two unrelated elements share a label, or that the structural detector failed to find a real repeated container; consider reviewing this page's DOM manually.
[ElementClassifier] Disambiguated duplicate name "upgrade" on "web-index-php-recruitment-viewRecruitmentModule" (2 elements) -> upgrade_2
[FORGE Crawler] Discovered: https://opensource-demo.orangehrmlive.com/web/index.php/recruitment/viewRecruitmentModule (depth 1, role: spa, elements: 29, links: 11)
[ElementClassifier] AI naming 10 elements on "web-index-php-pim-viewMyDetails" (budget remaining: 17)
[ElementClassifier] Duplicate name "upgrade" on "web-index-php-pim-viewMyDetails" (2 elements) with no structural/container info to disambiguate meaningfully — falling back to numeric suffix. This may indicate two unrelated elements share a label, or that the structural detector failed to find a real repeated container; consider reviewing this page's DOM manually.
[ElementClassifier] Disambiguated duplicate name "upgrade" on "web-index-php-pim-viewMyDetails" (2 elements) -> upgrade_2
[ElementClassifier] Disambiguated duplicate name "yyyyDdMm" on "web-index-php-pim-viewMyDetails" (2 elements) -> yyyyDdMmLicenseExpiryDate, yyyyDdMmDateOfBirth
[ElementClassifier] Duplicate name "save" on "web-index-php-pim-viewMyDetails" (2 elements) with no structural/container info to disambiguate meaningfully — falling back to numeric suffix. This may indicate two unrelated elements share a label, or that the structural detector failed to find a real repeated container; consider reviewing this page's DOM manually.
[ElementClassifier] Disambiguated duplicate name "save" on "web-index-php-pim-viewMyDetails" (2 elements) -> save_2
[FORGE Crawler] Discovered: https://opensource-demo.orangehrmlive.com/web/index.php/pim/viewMyDetails (depth 1, role: spa, elements: 44, links: 21)
[ElementClassifier] AI naming 5 elements on "web-index-php-performance-viewPerformanceModule" (budget remaining: 16)
[ElementClassifier] Duplicate name "search" on "web-index-php-performance-viewPerformanceModule" (2 elements) with no structural/container info to disambiguate meaningfully — falling back to numeric suffix. This may indicate two unrelated elements share a label, or that the structural detector failed to find a real repeated container; consider reviewing this page's DOM manually.
[ElementClassifier] Disambiguated duplicate name "search" on "web-index-php-performance-viewPerformanceModule" (2 elements) -> search_2
[ElementClassifier] Duplicate name "upgrade" on "web-index-php-performance-viewPerformanceModule" (2 elements) with no structural/container info to disambiguate meaningfully — falling back to numeric suffix. This may indicate two unrelated elements share a label, or that the structural detector failed to find a real repeated container; consider reviewing this page's DOM manually.
[ElementClassifier] Disambiguated duplicate name "upgrade" on "web-index-php-performance-viewPerformanceModule" (2 elements) -> upgrade_2
[ElementClassifier] Disambiguated duplicate name "yyyyDdMm" on "web-index-php-performance-viewPerformanceModule" (2 elements) -> yyyyDdMmFromDate, yyyyDdMmToDate
[FORGE Crawler] Discovered: https://opensource-demo.orangehrmlive.com/web/index.php/performance/viewPerformanceModule (depth 1, role: spa, elements: 28, links: 11)
[ElementClassifier] AI naming 4 elements on "web-index-php-directory-viewDirectory" (budget remaining: 15)
[ElementClassifier] Duplicate name "search" on "web-index-php-directory-viewDirectory" (2 elements) with no structural/container info to disambiguate meaningfully — falling back to numeric suffix. This may indicate two unrelated elements share a label, or that the structural detector failed to find a real repeated container; consider reviewing this page's DOM manually.
[ElementClassifier] Disambiguated duplicate name "search" on "web-index-php-directory-viewDirectory" (2 elements) -> search_2
[ElementClassifier] Duplicate name "upgrade" on "web-index-php-directory-viewDirectory" (2 elements) with no structural/container info to disambiguate meaningfully — falling back to numeric suffix. This may indicate two unrelated elements share a label, or that the structural detector failed to find a real repeated container; consider reviewing this page's DOM manually.
[ElementClassifier] Disambiguated duplicate name "upgrade" on "web-index-php-directory-viewDirectory" (2 elements) -> upgrade_2
[FORGE Crawler] Discovered: https://opensource-demo.orangehrmlive.com/web/index.php/directory/viewDirectory (depth 1, role: spa, elements: 23, links: 11)
[ElementClassifier] AI naming 2 elements on "web-index-php-maintenance-viewMaintenanceModule" (budget remaining: 14)
[FORGE Crawler] Discovered: https://opensource-demo.orangehrmlive.com/web/index.php/maintenance/viewMaintenanceModule (depth 1, role: spa, elements: 5, links: 0)
[FORGE Crawler] Discovered: https://opensource-demo.orangehrmlive.com/web/index.php/claim/viewClaimModule (depth 1, role: spa, elements: 0, links: 0)
[ElementClassifier] AI naming 3 elements on "web-index-php-buzz-viewBuzz" (budget remaining: 13)
[ElementClassifier] Duplicate name "upgrade" on "web-index-php-buzz-viewBuzz" (2 elements) with no structural/container info to disambiguate meaningfully — falling back to numeric suffix. This may indicate two unrelated elements share a label, or that the structural detector failed to find a real repeated container; consider reviewing this page's DOM manually.
[ElementClassifier] Disambiguated duplicate name "upgrade" on "web-index-php-buzz-viewBuzz" (2 elements) -> upgrade_2
[FORGE Crawler] Discovered: https://opensource-demo.orangehrmlive.com/web/index.php/buzz/viewBuzz (depth 1, role: spa, elements: 26, links: 11)
[ElementClassifier] AI naming 5 elements on "web-index-php-admin-viewSystemUsers" (budget remaining: 12)
[ElementClassifier] Duplicate name "search" on "web-index-php-admin-viewSystemUsers" (2 elements) with no structural/container info to disambiguate meaningfully — falling back to numeric suffix. This may indicate two unrelated elements share a label, or that the structural detector failed to find a real repeated container; consider reviewing this page's DOM manually.
[ElementClassifier] Disambiguated duplicate name "search" on "web-index-php-admin-viewSystemUsers" (2 elements) -> search_2
[ElementClassifier] Duplicate name "upgrade" on "web-index-php-admin-viewSystemUsers" (2 elements) with no structural/container info to disambiguate meaningfully — falling back to numeric suffix. This may indicate two unrelated elements share a label, or that the structural detector failed to find a real repeated container; consider reviewing this page's DOM manually.
[ElementClassifier] Disambiguated duplicate name "upgrade" on "web-index-php-admin-viewSystemUsers" (2 elements) -> upgrade_2
[FORGE Crawler] Discovered: https://opensource-demo.orangehrmlive.com/web/index.php/admin/viewSystemUsers (depth 1, role: spa, elements: 27, links: 12)
[ElementClassifier] AI naming 5 elements on "web-index-php-pim-viewEmployeeList" (budget remaining: 11)
[ElementClassifier] Duplicate name "search" on "web-index-php-pim-viewEmployeeList" (2 elements) with no structural/container info to disambiguate meaningfully — falling back to numeric suffix. This may indicate two unrelated elements share a label, or that the structural detector failed to find a real repeated container; consider reviewing this page's DOM manually.
[ElementClassifier] Disambiguated duplicate name "search" on "web-index-php-pim-viewEmployeeList" (2 elements) -> search_2
[ElementClassifier] Duplicate name "upgrade" on "web-index-php-pim-viewEmployeeList" (2 elements) with no structural/container info to disambiguate meaningfully — falling back to numeric suffix. This may indicate two unrelated elements share a label, or that the structural detector failed to find a real repeated container; consider reviewing this page's DOM manually.
[ElementClassifier] Disambiguated duplicate name "upgrade" on "web-index-php-pim-viewEmployeeList" (2 elements) -> upgrade_2
[ElementClassifier] Disambiguated duplicate name "typeForHints" on "web-index-php-pim-viewEmployeeList" (2 elements) -> typeForHintsEmployeeName, typeForHintsSupervisorName
[FORGE Crawler] Discovered: https://opensource-demo.orangehrmlive.com/web/index.php/pim/viewEmployeeList (depth 1, role: spa, elements: 29, links: 12)
[FORGE Crawler] Discovered: https://opensource-demo.orangehrmlive.com/web/index.php/leave/viewLeaveList (depth 1, role: spa, elements: 0, links: 0)
[ElementClassifier] AI naming 3 elements on "web-index-php-time-viewEmployeeTimesheet" (budget remaining: 10)
[ElementClassifier] Duplicate name "upgrade" on "web-index-php-time-viewEmployeeTimesheet" (2 elements) with no structural/container info to disambiguate meaningfully — falling back to numeric suffix. This may indicate two unrelated elements share a label, or that the structural detector failed to find a real repeated container; consider reviewing this page's DOM manually.
[ElementClassifier] Disambiguated duplicate name "upgrade" on "web-index-php-time-viewEmployeeTimesheet" (2 elements) -> upgrade_2
[FORGE Crawler] Discovered: https://opensource-demo.orangehrmlive.com/web/index.php/time/viewEmployeeTimesheet (depth 1, role: spa, elements: 21, links: 12)
[ElementClassifier] AI naming 4 elements on "web-index-php-recruitment-viewCandidates" (budget remaining: 9)
[ElementClassifier] Duplicate name "search" on "web-index-php-recruitment-viewCandidates" (2 elements) with no structural/container info to disambiguate meaningfully — falling back to numeric suffix. This may indicate two unrelated elements share a label, or that the structural detector failed to find a real repeated container; consider reviewing this page's DOM manually.
[ElementClassifier] Disambiguated duplicate name "search" on "web-index-php-recruitment-viewCandidates" (2 elements) -> search_2
[ElementClassifier] Duplicate name "upgrade" on "web-index-php-recruitment-viewCandidates" (2 elements) with no structural/container info to disambiguate meaningfully — falling back to numeric suffix. This may indicate two unrelated elements share a label, or that the structural detector failed to find a real repeated container; consider reviewing this page's DOM manually.
[ElementClassifier] Disambiguated duplicate name "upgrade" on "web-index-php-recruitment-viewCandidates" (2 elements) -> upgrade_2
[FORGE Crawler] Discovered: https://opensource-demo.orangehrmlive.com/web/index.php/recruitment/viewCandidates (depth 1, role: spa, elements: 29, links: 12)
[ElementClassifier] AI naming 8 elements on "web-index-php-pim-viewPersonalDetails-empNumber-7" (budget remaining: 8)
[ElementClassifier] Duplicate name "upgrade" on "web-index-php-pim-viewPersonalDetails-empNumber-7" (2 elements) with no structural/container info to disambiguate meaningfully — falling back to numeric suffix. This may indicate two unrelated elements share a label, or that the structural detector failed to find a real repeated container; consider reviewing this page's DOM manually.
[ElementClassifier] Disambiguated duplicate name "upgrade" on "web-index-php-pim-viewPersonalDetails-empNumber-7" (2 elements) -> upgrade_2
[ElementClassifier] Disambiguated duplicate name "yyyyDdMm" on "web-index-php-pim-viewPersonalDetails-empNumber-7" (2 elements) -> yyyyDdMmLicenseExpiryDate, yyyyDdMmDateOfBirth
[FORGE Crawler] Discovered: https://opensource-demo.orangehrmlive.com/web/index.php/pim/viewPersonalDetails/empNumber/7 (depth 1, role: spa, elements: 41, links: 21)
[ElementClassifier] AI naming 5 elements on "web-index-php-performance-searchEvaluatePerformanceReview" (budget remaining: 7)
[ElementClassifier] Duplicate name "search" on "web-index-php-performance-searchEvaluatePerformanceReview" (2 elements) with no structural/container info to disambiguate meaningfully — falling back to numeric suffix. This may indicate two unrelated elements share a label, or that the structural detector failed to find a real repeated container; consider reviewing this page's DOM manually.
[ElementClassifier] Disambiguated duplicate name "search" on "web-index-php-performance-searchEvaluatePerformanceReview" (2 elements) -> search_2
[ElementClassifier] Duplicate name "upgrade" on "web-index-php-performance-searchEvaluatePerformanceReview" (2 elements) with no structural/container info to disambiguate meaningfully — falling back to numeric suffix. This may indicate two unrelated elements share a label, or that the structural detector failed to find a real repeated container; consider reviewing this page's DOM manually.
[ElementClassifier] Disambiguated duplicate name "upgrade" on "web-index-php-performance-searchEvaluatePerformanceReview" (2 elements) -> upgrade_2
[ElementClassifier] Disambiguated duplicate name "yyyyDdMm" on "web-index-php-performance-searchEvaluatePerformanceReview" (2 elements) -> yyyyDdMmFromDate, yyyyDdMmToDate
[FORGE Crawler] Discovered: https://opensource-demo.orangehrmlive.com/web/index.php/performance/searchEvaluatePerformanceReview (depth 1, role: spa, elements: 28, links: 12)
[ElementClassifier] AI naming 2 elements on "web-index-php-maintenance-purgeEmployee" (budget remaining: 6)
[FORGE Crawler] Discovered: https://opensource-demo.orangehrmlive.com/web/index.php/maintenance/purgeEmployee (depth 1, role: spa, elements: 5, links: 0)
[ElementClassifier] AI naming 4 elements on "web-index-php-claim-viewAssignClaim" (budget remaining: 5)
[ElementClassifier] Duplicate name "search" on "web-index-php-claim-viewAssignClaim" (2 elements) with no structural/container info to disambiguate meaningfully — falling back to numeric suffix. This may indicate two unrelated elements share a label, or that the structural detector failed to find a real repeated container; consider reviewing this page's DOM manually.
[ElementClassifier] Disambiguated duplicate name "search" on "web-index-php-claim-viewAssignClaim" (2 elements) -> search_2
[ElementClassifier] Duplicate name "upgrade" on "web-index-php-claim-viewAssignClaim" (2 elements) with no structural/container info to disambiguate meaningfully — falling back to numeric suffix. This may indicate two unrelated elements share a label, or that the structural detector failed to find a real repeated container; consider reviewing this page's DOM manually.
[ElementClassifier] Disambiguated duplicate name "upgrade" on "web-index-php-claim-viewAssignClaim" (2 elements) -> upgrade_2
[ElementClassifier] Duplicate name "assignClaim" on "web-index-php-claim-viewAssignClaim" (2 elements) with no structural/container info to disambiguate meaningfully — falling back to numeric suffix. This may indicate two unrelated elements share a label, or that the structural detector failed to find a real repeated container; consider reviewing this page's DOM manually.
[ElementClassifier] Disambiguated duplicate name "assignClaim" on "web-index-php-claim-viewAssignClaim" (2 elements) -> assignClaim_2
[ElementClassifier] Disambiguated duplicate name "typeForHints" on "web-index-php-claim-viewAssignClaim" (2 elements) -> typeForHintsEmployeeName, typeForHintsReferenceId
[ElementClassifier] Disambiguated duplicate name "yyyyDdMm" on "web-index-php-claim-viewAssignClaim" (2 elements) -> yyyyDdMmFromDate, yyyyDdMmToDate
[ElementClassifier] Residual name collision on "web-index-php-claim-viewAssignClaim" after disambiguating "viewDetails" — "viewDetails9" still duplicated; appending running-counter suffix -> "viewDetails9_2"
[ElementClassifier] Residual name collision on "web-index-php-claim-viewAssignClaim" after disambiguating "viewDetails" — "viewDetails9" still duplicated; appending running-counter suffix -> "viewDetails9_3"
[ElementClassifier] Residual name collision on "web-index-php-claim-viewAssignClaim" after disambiguating "viewDetails" — "viewDetails9" still duplicated; appending running-counter suffix -> "viewDetails9_4"
[ElementClassifier] Residual name collision on "web-index-php-claim-viewAssignClaim" after disambiguating "viewDetails" — "viewDetails9" still duplicated; appending running-counter suffix -> "viewDetails9_5"
[ElementClassifier] Residual name collision on "web-index-php-claim-viewAssignClaim" after disambiguating "viewDetails" — "viewDetails9" still duplicated; appending running-counter suffix -> "viewDetails9_6"
[ElementClassifier] Residual name collision on "web-index-php-claim-viewAssignClaim" after disambiguating "viewDetails" — "viewDetails9" still duplicated; appending running-counter suffix -> "viewDetails9_7"
[ElementClassifier] Residual name collision on "web-index-php-claim-viewAssignClaim" after disambiguating "viewDetails" — "viewDetails9" still duplicated; appending running-counter suffix -> "viewDetails9_8"
[ElementClassifier] Residual name collision on "web-index-php-claim-viewAssignClaim" after disambiguating "viewDetails" — "viewDetails9" still duplicated; appending running-counter suffix -> "viewDetails9_9"
[ElementClassifier] Residual name collision on "web-index-php-claim-viewAssignClaim" after disambiguating "viewDetails" — "viewDetails9" still duplicated; appending running-counter suffix -> "viewDetails9_10"
[ElementClassifier] Residual name collision on "web-index-php-claim-viewAssignClaim" after disambiguating "viewDetails" — "viewDetails9" still duplicated; appending running-counter suffix -> "viewDetails9_11"
[ElementClassifier] Residual name collision on "web-index-php-claim-viewAssignClaim" after disambiguating "viewDetails" — "viewDetails9" still duplicated; appending running-counter suffix -> "viewDetails9_12"
[ElementClassifier] Residual name collision on "web-index-php-claim-viewAssignClaim" after disambiguating "viewDetails" — "viewDetails9" still duplicated; appending running-counter suffix -> "viewDetails9_13"
[ElementClassifier] Disambiguated duplicate name "viewDetails" on "web-index-php-claim-viewAssignClaim" (13 elements) -> viewDetails9, viewDetails9_2, viewDetails9_3, viewDetails9_4, viewDetails9_5, viewDetails9_6, viewDetails9_7, viewDetails9_8, viewDetails9_9, viewDetails9_10, viewDetails9_11, viewDetails9_12, viewDetails9_13
[FORGE Crawler] Discovered: https://opensource-demo.orangehrmlive.com/web/index.php/claim/viewAssignClaim (depth 1, role: spa, elements: 44, links: 12)
[SPAStrategy] Selector "[role="menuitem"]" failed: page.goto: Timeout 30000ms exceeded.
Call log:
[2m  - navigating to "https://opensource-demo.orangehrmlive.com/web/index.php/recruitment/viewCandidates", waiting until "domcontentloaded"[22m

[SPAStrategy] Selector "[role="navigation"] a" failed: page.goto: Timeout 30000ms exceeded.
Call log:
[2m  - navigating to "https://opensource-demo.orangehrmlive.com/web/index.php/recruitment/viewCandidates", waiting until "domcontentloaded"[22m

[SPAStrategy] Depth 1 → 2: 7 new URL(s) discovered
[ElementClassifier] AI naming 4 elements on "web-index-php-admin-nationality" (budget remaining: 4)
[FORGE Crawler] Discovered: https://opensource-demo.orangehrmlive.com/web/index.php/admin/nationality (depth 2, role: spa, elements: 8, links: 0)
[ElementClassifier] AI naming 4 elements on "web-index-php-admin-addTheme" (budget remaining: 3)
[FORGE Crawler] Discovered: https://opensource-demo.orangehrmlive.com/web/index.php/admin/addTheme (depth 2, role: spa, elements: 8, links: 0)
[ElementClassifier] AI naming 4 elements on "web-index-php-pim-addEmployee" (budget remaining: 2)
[FORGE Crawler] Discovered: https://opensource-demo.orangehrmlive.com/web/index.php/pim/addEmployee (depth 2, role: spa, elements: 8, links: 0)
[ElementClassifier] AI naming 4 elements on "web-index-php-pim-viewDefinedPredefinedReports" (budget remaining: 1)
[FORGE Crawler] Discovered: https://opensource-demo.orangehrmlive.com/web/index.php/pim/viewDefinedPredefinedReports (depth 2, role: spa, elements: 8, links: 0)
[ElementClassifier] AI naming 4 elements on "web-index-php-leave-applyLeave" (budget remaining: 0)
[FORGE Crawler] Discovered: https://opensource-demo.orangehrmlive.com/web/index.php/leave/applyLeave (depth 2, role: spa, elements: 8, links: 0)
[FORGE Crawler] Discovered: https://opensource-demo.orangehrmlive.com/web/index.php/leave/viewMyLeaveList (depth 2, role: spa, elements: 8, links: 0)
[FORGE Crawler] Discovered: https://opensource-demo.orangehrmlive.com/web/index.php/leave/assignLeave (depth 2, role: spa, elements: 8, links: 0)
[SPAStrategy] Selector ".inventory_item_img a" failed: page.goto: Timeout 30000ms exceeded.
Call log:
[2m  - navigating to "https://opensource-demo.orangehrmlive.com/web/index.php/admin/addTheme", waiting until "domcontentloaded"[22m

[SPAStrategy] Depth 2 → 3: 0 new URL(s) discovered
[SPAStrategy] Complete | 28 pages discovered | reached depth 2 of maxDepth 3
[SelfCorrection] No correction needed — 28 pages, mode=spa
[FORGE Crawler] Role: adminUser | Complete | 28 pages
════════════════════════════════════════════════════════
[FORGE Crawler] BUDGET STATUS: DEGRADED — AI budget exhausted before crawl finished at maxDepth=3. Some element/flow names may have used fallback naming instead of AI naming.
════════════════════════════════════════════════════════
[Crawler] Model written to C:\e2e-ai-testing-framework\models\orangehrm\app-model.json
[Crawler] Model validated successfully
[Crawler] Model persisted to DB

[CLI] Crawl complete — 28 pages discovered
[CLI] Review: models/orangehrm/app-model.json
[CLI] Next:   npm run onboard:verify -- --app=orangehrm
