[storage] Using SQLite (better-sqlite3): ./forge-framework.db
[migration] Already up to date.
[CLI] Loading config: C:\e2e-ai-testing-framework\src\apps\desktop\ui\orangehrm\onboarding.orangehrm.config.ts
[FORGE Crawler] Starting crawl of https://opensource-demo.orangehrmlive.com | Budget: pages=30 depth=3 ai=100
[FORGE Crawler] Role: adminUser — authenticating...
[AuthManager] Authenticated as adminUser — start URL: https://opensource-demo.orangehrmlive.com/web/index.php/dashboard/index
[StrategyDetector] Using config override: spa
[FORGE Crawler] Role: adminUser | Mode: spa | Start: https://opensource-demo.orangehrmlive.com/web/index.php/dashboard/index
[SPAStrategy] Starting from: https://opensource-demo.orangehrmlive.com/web/index.php/dashboard/index | Budget: 30 pages | maxDepth: 3
[ElementClassifier] AI naming 12 elements on "web-index-php-dashboard-index" (budget remaining: 99)
[ElementClassifier] Duplicate name "upgrade" on "web-index-php-dashboard-index" (2 elements) with no structural/container info to disambiguate meaningfully — falling back to numeric suffix. This may indicate two unrelated elements share a label, or that the structural detector failed to find a real repeated container; consider reviewing this page's DOM manually.
[ElementClassifier] Disambiguated duplicate name "upgrade" on "web-index-php-dashboard-index" (2 elements) -> upgrade_2
[FORGE Crawler] Discovered: https://opensource-demo.orangehrmlive.com/web/index.php/dashboard/index (depth 0, role: spa, elements: 28, links: 11)
[SPAStrategy] Depth 0 → 1: 20 new URL(s) discovered
[ElementClassifier] AI naming 20 elements on "web-index-php-admin-viewAdminModule" (budget remaining: 98)
[ElementClassifier] AI naming 20 elements on "web-index-php-admin-viewAdminModule" (budget remaining: 97)
[ElementClassifier] AI naming 20 elements on "web-index-php-admin-viewAdminModule" (budget remaining: 96)
[ElementClassifier] AI naming 3 elements on "web-index-php-admin-viewAdminModule" (budget remaining: 95)
[ElementClassifier] Duplicate name "search" on "web-index-php-admin-viewAdminModule" (2 elements) with no structural/container info to disambiguate meaningfully — falling back to numeric suffix. This may indicate two unrelated elements share a label, or that the structural detector failed to find a real repeated container; consider reviewing this page's DOM manually.
[ElementClassifier] Disambiguated duplicate name "search" on "web-index-php-admin-viewAdminModule" (2 elements) -> search_2
[ElementClassifier] Duplicate name "upgrade" on "web-index-php-admin-viewAdminModule" (2 elements) with no structural/container info to disambiguate meaningfully — falling back to numeric suffix. This may indicate two unrelated elements share a label, or that the structural detector failed to find a real repeated container; consider reviewing this page's DOM manually.
[ElementClassifier] Disambiguated duplicate name "upgrade" on "web-index-php-admin-viewAdminModule" (2 elements) -> upgrade_2
[ElementClassifier] Disambiguated duplicate name "saveButton" on "web-index-php-admin-viewAdminModule" (2 elements) -> saveButton2, saveButton1
[ElementClassifier] Disambiguated duplicate name "actionButton1" on "web-index-php-admin-viewAdminModule" (2 elements) -> actionButton12, actionButton11
[ElementClassifier] Disambiguated duplicate name "actionButton2" on "web-index-php-admin-viewAdminModule" (2 elements) -> actionButton21, actionButton22
[ElementClassifier] Disambiguated duplicate name "actionButton3" on "web-index-php-admin-viewAdminModule" (2 elements) -> actionButton32, actionButton31
[ElementClassifier] Disambiguated duplicate name "actionButton4" on "web-index-php-admin-viewAdminModule" (2 elements) -> actionButton41, actionButton42
[ElementClassifier] Disambiguated duplicate name "actionButton5" on "web-index-php-admin-viewAdminModule" (2 elements) -> actionButton52, actionButton51
[ElementClassifier] Disambiguated duplicate name "actionButton6" on "web-index-php-admin-viewAdminModule" (2 elements) -> actionButton61, actionButton62
[ElementClassifier] Disambiguated duplicate name "actionButton7" on "web-index-php-admin-viewAdminModule" (2 elements) -> actionButton72, actionButton71
[ElementClassifier] Disambiguated duplicate name "actionButton8" on "web-index-php-admin-viewAdminModule" (2 elements) -> actionButton81, actionButton82
[ElementClassifier] Disambiguated duplicate name "actionButton9" on "web-index-php-admin-viewAdminModule" (2 elements) -> actionButton92, actionButton91
[ElementClassifier] Disambiguated duplicate name "actionButton10" on "web-index-php-admin-viewAdminModule" (2 elements) -> actionButton101, actionButton102
[ElementClassifier] Disambiguated duplicate name "actionButton11" on "web-index-php-admin-viewAdminModule" (2 elements) -> actionButton112, actionButton111
[ElementClassifier] Disambiguated duplicate name "actionButton12" on "web-index-php-admin-viewAdminModule" (2 elements) -> actionButton121, actionButton122
[ElementClassifier] Disambiguated duplicate name "actionButton13" on "web-index-php-admin-viewAdminModule" (2 elements) -> actionButton132, actionButton131
[FORGE Crawler] Discovered: https://opensource-demo.orangehrmlive.com/web/index.php/admin/viewAdminModule (depth 1, role: spa, elements: 85, links: 11)
[ElementClassifier] AI naming 20 elements on "web-index-php-pim-viewPimModule" (budget remaining: 94)
[ElementClassifier] AI naming 20 elements on "web-index-php-pim-viewPimModule" (budget remaining: 93)
[ElementClassifier] AI naming 20 elements on "web-index-php-pim-viewPimModule" (budget remaining: 92)
[ElementClassifier] AI naming 17 elements on "web-index-php-pim-viewPimModule" (budget remaining: 91)
[ElementClassifier] Duplicate name "search" on "web-index-php-pim-viewPimModule" (2 elements) with no structural/container info to disambiguate meaningfully — falling back to numeric suffix. This may indicate two unrelated elements share a label, or that the structural detector failed to find a real repeated container; consider reviewing this page's DOM manually.
[ElementClassifier] Disambiguated duplicate name "search" on "web-index-php-pim-viewPimModule" (2 elements) -> search_2
[ElementClassifier] Duplicate name "upgrade" on "web-index-php-pim-viewPimModule" (2 elements) with no structural/container info to disambiguate meaningfully — falling back to numeric suffix. This may indicate two unrelated elements share a label, or that the structural detector failed to find a real repeated container; consider reviewing this page's DOM manually.
[ElementClassifier] Disambiguated duplicate name "upgrade" on "web-index-php-pim-viewPimModule" (2 elements) -> upgrade_2
[ElementClassifier] Disambiguated duplicate name "typeForHints" on "web-index-php-pim-viewPimModule" (2 elements) -> typeForHintsEmployeeName, typeForHintsSupervisorName
[FORGE Crawler] Discovered: https://opensource-demo.orangehrmlive.com/web/index.php/pim/viewPimModule (depth 1, role: spa, elements: 100, links: 11)
[ElementClassifier] AI naming 5 elements on "web-index-php-leave-viewLeaveModule" (budget remaining: 90)
[ElementClassifier] Duplicate name "search" on "web-index-php-leave-viewLeaveModule" (2 elements) with no structural/container info to disambiguate meaningfully — falling back to numeric suffix. This may indicate two unrelated elements share a label, or that the structural detector failed to find a real repeated container; consider reviewing this page's DOM manually.
[ElementClassifier] Disambiguated duplicate name "search" on "web-index-php-leave-viewLeaveModule" (2 elements) -> search_2
[ElementClassifier] Duplicate name "upgrade" on "web-index-php-leave-viewLeaveModule" (2 elements) with no structural/container info to disambiguate meaningfully — falling back to numeric suffix. This may indicate two unrelated elements share a label, or that the structural detector failed to find a real repeated container; consider reviewing this page's DOM manually.
[ElementClassifier] Disambiguated duplicate name "upgrade" on "web-index-php-leave-viewLeaveModule" (2 elements) -> upgrade_2
[ElementClassifier] Disambiguated duplicate name "yyyyDdMm" on "web-index-php-leave-viewLeaveModule" (2 elements) -> yyyyDdMmFromDate, yyyyDdMmToDate
[FORGE Crawler] Discovered: https://opensource-demo.orangehrmlive.com/web/index.php/leave/viewLeaveModule (depth 1, role: spa, elements: 30, links: 11)
[ElementClassifier] AI naming 3 elements on "web-index-php-time-viewTimeModule" (budget remaining: 89)
[ElementClassifier] Duplicate name "upgrade" on "web-index-php-time-viewTimeModule" (2 elements) with no structural/container info to disambiguate meaningfully — falling back to numeric suffix. This may indicate two unrelated elements share a label, or that the structural detector failed to find a real repeated container; consider reviewing this page's DOM manually.
[ElementClassifier] Disambiguated duplicate name "upgrade" on "web-index-php-time-viewTimeModule" (2 elements) -> upgrade_2
[ElementClassifier] Duplicate name "view" on "web-index-php-time-viewTimeModule" (4 elements) with no structural/container info to disambiguate meaningfully — falling back to numeric suffix. This may indicate two unrelated elements share a label, or that the structural detector failed to find a real repeated container; consider reviewing this page's DOM manually.
[ElementClassifier] Disambiguated duplicate name "view" on "web-index-php-time-viewTimeModule" (4 elements) -> view_2, view_3, view_4
[FORGE Crawler] Discovered: https://opensource-demo.orangehrmlive.com/web/index.php/time/viewTimeModule (depth 1, role: spa, elements: 24, links: 11)
[ElementClassifier] AI naming 20 elements on "web-index-php-recruitment-viewRecruitmentModule" (budget remaining: 88)
[ElementClassifier] AI naming 20 elements on "web-index-php-recruitment-viewRecruitmentModule" (budget remaining: 87)
[ElementClassifier] AI naming 20 elements on "web-index-php-recruitment-viewRecruitmentModule" (budget remaining: 86)
[ElementClassifier] AI naming 16 elements on "web-index-php-recruitment-viewRecruitmentModule" (budget remaining: 85)
[ElementClassifier] Duplicate name "search" on "web-index-php-recruitment-viewRecruitmentModule" (2 elements) with no structural/container info to disambiguate meaningfully — falling back to numeric suffix. This may indicate two unrelated elements share a label, or that the structural detector failed to find a real repeated container; consider reviewing this page's DOM manually.
[ElementClassifier] Disambiguated duplicate name "search" on "web-index-php-recruitment-viewRecruitmentModule" (2 elements) -> search_2
[ElementClassifier] Duplicate name "upgrade" on "web-index-php-recruitment-viewRecruitmentModule" (2 elements) with no structural/container info to disambiguate meaningfully — falling back to numeric suffix. This may indicate two unrelated elements share a label, or that the structural detector failed to find a real repeated container; consider reviewing this page's DOM manually.
[ElementClassifier] Disambiguated duplicate name "upgrade" on "web-index-php-recruitment-viewRecruitmentModule" (2 elements) -> upgrade_2
[ElementClassifier] Disambiguated duplicate name "recruitmentActionButton1" on "web-index-php-recruitment-viewRecruitmentModule" (2 elements) -> recruitmentActionButton13, recruitmentActionButton12
[ElementClassifier] Disambiguated duplicate name "recruitmentActionButton2" on "web-index-php-recruitment-viewRecruitmentModule" (2 elements) -> recruitmentActionButton23, recruitmentActionButton21
[ElementClassifier] Disambiguated duplicate name "recruitmentActionButton3" on "web-index-php-recruitment-viewRecruitmentModule" (2 elements) -> recruitmentActionButton31, recruitmentActionButton32
[ElementClassifier] Residual name collision on "web-index-php-recruitment-viewRecruitmentModule" after disambiguating "recruitmentActionButton4" — "recruitmentActionButton41" still duplicated; appending running-counter suffix -> "recruitmentActionButton41_2"
[ElementClassifier] Disambiguated duplicate name "recruitmentActionButton4" on "web-index-php-recruitment-viewRecruitmentModule" (2 elements) -> recruitmentActionButton41, recruitmentActionButton41_2
[ElementClassifier] Disambiguated duplicate name "recruitmentActionButton5" on "web-index-php-recruitment-viewRecruitmentModule" (2 elements) -> recruitmentActionButton51, recruitmentActionButton52
[ElementClassifier] Disambiguated duplicate name "recruitmentActionButton6" on "web-index-php-recruitment-viewRecruitmentModule" (2 elements) -> recruitmentActionButton61, recruitmentActionButton63
[FORGE Crawler] Discovered: https://opensource-demo.orangehrmlive.com/web/index.php/recruitment/viewRecruitmentModule (depth 1, role: spa, elements: 100, links: 11)
[ElementClassifier] AI naming 10 elements on "web-index-php-pim-viewMyDetails" (budget remaining: 84)
[ElementClassifier] Duplicate name "upgrade" on "web-index-php-pim-viewMyDetails" (2 elements) with no structural/container info to disambiguate meaningfully — falling back to numeric suffix. This may indicate two unrelated elements share a label, or that the structural detector failed to find a real repeated container; consider reviewing this page's DOM manually.
[ElementClassifier] Disambiguated duplicate name "upgrade" on "web-index-php-pim-viewMyDetails" (2 elements) -> upgrade_2
[ElementClassifier] Disambiguated duplicate name "yyyyDdMm" on "web-index-php-pim-viewMyDetails" (2 elements) -> yyyyDdMmLicenseExpiryDate, yyyyDdMmDateOfBirth
[ElementClassifier] Duplicate name "save" on "web-index-php-pim-viewMyDetails" (2 elements) with no structural/container info to disambiguate meaningfully — falling back to numeric suffix. This may indicate two unrelated elements share a label, or that the structural detector failed to find a real repeated container; consider reviewing this page's DOM manually.
[ElementClassifier] Disambiguated duplicate name "save" on "web-index-php-pim-viewMyDetails" (2 elements) -> save_2
[FORGE Crawler] Discovered: https://opensource-demo.orangehrmlive.com/web/index.php/pim/viewMyDetails (depth 1, role: spa, elements: 44, links: 21)
[ElementClassifier] AI naming 5 elements on "web-index-php-performance-viewPerformanceModule" (budget remaining: 83)
[ElementClassifier] Duplicate name "search" on "web-index-php-performance-viewPerformanceModule" (2 elements) with no structural/container info to disambiguate meaningfully — falling back to numeric suffix. This may indicate two unrelated elements share a label, or that the structural detector failed to find a real repeated container; consider reviewing this page's DOM manually.
[ElementClassifier] Disambiguated duplicate name "search" on "web-index-php-performance-viewPerformanceModule" (2 elements) -> search_2
[ElementClassifier] Duplicate name "upgrade" on "web-index-php-performance-viewPerformanceModule" (2 elements) with no structural/container info to disambiguate meaningfully — falling back to numeric suffix. This may indicate two unrelated elements share a label, or that the structural detector failed to find a real repeated container; consider reviewing this page's DOM manually.
[ElementClassifier] Disambiguated duplicate name "upgrade" on "web-index-php-performance-viewPerformanceModule" (2 elements) -> upgrade_2
[ElementClassifier] Disambiguated duplicate name "yyyyDdMm" on "web-index-php-performance-viewPerformanceModule" (2 elements) -> yyyyDdMmFromDate, yyyyDdMmToDate
[FORGE Crawler] Discovered: https://opensource-demo.orangehrmlive.com/web/index.php/performance/viewPerformanceModule (depth 1, role: spa, elements: 28, links: 11)
[ElementClassifier] AI naming 4 elements on "web-index-php-directory-viewDirectory" (budget remaining: 82)
[ElementClassifier] Duplicate name "search" on "web-index-php-directory-viewDirectory" (2 elements) with no structural/container info to disambiguate meaningfully — falling back to numeric suffix. This may indicate two unrelated elements share a label, or that the structural detector failed to find a real repeated container; consider reviewing this page's DOM manually.
[ElementClassifier] Disambiguated duplicate name "search" on "web-index-php-directory-viewDirectory" (2 elements) -> search_2
[ElementClassifier] Duplicate name "upgrade" on "web-index-php-directory-viewDirectory" (2 elements) with no structural/container info to disambiguate meaningfully — falling back to numeric suffix. This may indicate two unrelated elements share a label, or that the structural detector failed to find a real repeated container; consider reviewing this page's DOM manually.
[ElementClassifier] Disambiguated duplicate name "upgrade" on "web-index-php-directory-viewDirectory" (2 elements) -> upgrade_2
[FORGE Crawler] Discovered: https://opensource-demo.orangehrmlive.com/web/index.php/directory/viewDirectory (depth 1, role: spa, elements: 23, links: 11)
[ElementClassifier] AI naming 2 elements on "web-index-php-maintenance-viewMaintenanceModule" (budget remaining: 81)
[FORGE Crawler] Discovered: https://opensource-demo.orangehrmlive.com/web/index.php/maintenance/viewMaintenanceModule (depth 1, role: spa, elements: 5, links: 0)
[ElementClassifier] AI naming 4 elements on "web-index-php-claim-viewClaimModule" (budget remaining: 80)
[ElementClassifier] Duplicate name "search" on "web-index-php-claim-viewClaimModule" (2 elements) with no structural/container info to disambiguate meaningfully — falling back to numeric suffix. This may indicate two unrelated elements share a label, or that the structural detector failed to find a real repeated container; consider reviewing this page's DOM manually.
[ElementClassifier] Disambiguated duplicate name "search" on "web-index-php-claim-viewClaimModule" (2 elements) -> search_2
[ElementClassifier] Duplicate name "upgrade" on "web-index-php-claim-viewClaimModule" (2 elements) with no structural/container info to disambiguate meaningfully — falling back to numeric suffix. This may indicate two unrelated elements share a label, or that the structural detector failed to find a real repeated container; consider reviewing this page's DOM manually.
[ElementClassifier] Disambiguated duplicate name "upgrade" on "web-index-php-claim-viewClaimModule" (2 elements) -> upgrade_2
[ElementClassifier] Duplicate name "assignClaim" on "web-index-php-claim-viewClaimModule" (2 elements) with no structural/container info to disambiguate meaningfully — falling back to numeric suffix. This may indicate two unrelated elements share a label, or that the structural detector failed to find a real repeated container; consider reviewing this page's DOM manually.
[ElementClassifier] Disambiguated duplicate name "assignClaim" on "web-index-php-claim-viewClaimModule" (2 elements) -> assignClaim_2
[ElementClassifier] Disambiguated duplicate name "typeForHints" on "web-index-php-claim-viewClaimModule" (2 elements) -> typeForHintsEmployeeName, typeForHintsReferenceId
[ElementClassifier] Disambiguated duplicate name "yyyyDdMm" on "web-index-php-claim-viewClaimModule" (2 elements) -> yyyyDdMmFromDate, yyyyDdMmToDate
[ElementClassifier] Residual name collision on "web-index-php-claim-viewClaimModule" after disambiguating "viewDetails" — "viewDetails9" still duplicated; appending running-counter suffix -> "viewDetails9_2"
[ElementClassifier] Residual name collision on "web-index-php-claim-viewClaimModule" after disambiguating "viewDetails" — "viewDetails9" still duplicated; appending running-counter suffix -> "viewDetails9_3"
[ElementClassifier] Disambiguated duplicate name "viewDetails" on "web-index-php-claim-viewClaimModule" (3 elements) -> viewDetails9, viewDetails9_2, viewDetails9_3
[FORGE Crawler] Discovered: https://opensource-demo.orangehrmlive.com/web/index.php/claim/viewClaimModule (depth 1, role: spa, elements: 34, links: 11)
[ElementClassifier] AI naming 20 elements on "web-index-php-buzz-viewBuzz" (budget remaining: 79)
[ElementClassifier] AI naming 13 elements on "web-index-php-buzz-viewBuzz" (budget remaining: 78)
[ElementClassifier] Duplicate name "upgrade" on "web-index-php-buzz-viewBuzz" (2 elements) with no structural/container info to disambiguate meaningfully — falling back to numeric suffix. This may indicate two unrelated elements share a label, or that the structural detector failed to find a real repeated container; consider reviewing this page's DOM manually.
[ElementClassifier] Disambiguated duplicate name "upgrade" on "web-index-php-buzz-viewBuzz" (2 elements) -> upgrade_2
[FORGE Crawler] Discovered: https://opensource-demo.orangehrmlive.com/web/index.php/buzz/viewBuzz (depth 1, role: spa, elements: 56, links: 11)
[ElementClassifier] AI naming 5 elements on "web-index-php-admin-viewSystemUsers" (budget remaining: 77)
[ElementClassifier] Duplicate name "search" on "web-index-php-admin-viewSystemUsers" (2 elements) with no structural/container info to disambiguate meaningfully — falling back to numeric suffix. This may indicate two unrelated elements share a label, or that the structural detector failed to find a real repeated container; consider reviewing this page's DOM manually.
[ElementClassifier] Disambiguated duplicate name "search" on "web-index-php-admin-viewSystemUsers" (2 elements) -> search_2
[ElementClassifier] Duplicate name "upgrade" on "web-index-php-admin-viewSystemUsers" (2 elements) with no structural/container info to disambiguate meaningfully — falling back to numeric suffix. This may indicate two unrelated elements share a label, or that the structural detector failed to find a real repeated container; consider reviewing this page's DOM manually.
[ElementClassifier] Disambiguated duplicate name "upgrade" on "web-index-php-admin-viewSystemUsers" (2 elements) -> upgrade_2
[FORGE Crawler] Discovered: https://opensource-demo.orangehrmlive.com/web/index.php/admin/viewSystemUsers (depth 1, role: spa, elements: 27, links: 12)
[ElementClassifier] AI naming 20 elements on "web-index-php-pim-viewEmployeeList" (budget remaining: 76)
[ElementClassifier] AI naming 20 elements on "web-index-php-pim-viewEmployeeList" (budget remaining: 75)
[ElementClassifier] AI naming 20 elements on "web-index-php-pim-viewEmployeeList" (budget remaining: 74)
[ElementClassifier] AI naming 17 elements on "web-index-php-pim-viewEmployeeList" (budget remaining: 73)
[ElementClassifier] Duplicate name "search" on "web-index-php-pim-viewEmployeeList" (2 elements) with no structural/container info to disambiguate meaningfully — falling back to numeric suffix. This may indicate two unrelated elements share a label, or that the structural detector failed to find a real repeated container; consider reviewing this page's DOM manually.
[ElementClassifier] Disambiguated duplicate name "search" on "web-index-php-pim-viewEmployeeList" (2 elements) -> search_2
[ElementClassifier] Duplicate name "upgrade" on "web-index-php-pim-viewEmployeeList" (2 elements) with no structural/container info to disambiguate meaningfully — falling back to numeric suffix. This may indicate two unrelated elements share a label, or that the structural detector failed to find a real repeated container; consider reviewing this page's DOM manually.
[ElementClassifier] Disambiguated duplicate name "upgrade" on "web-index-php-pim-viewEmployeeList" (2 elements) -> upgrade_2
[ElementClassifier] Disambiguated duplicate name "typeForHints" on "web-index-php-pim-viewEmployeeList" (2 elements) -> typeForHintsEmployeeName, typeForHintsSupervisorName
[ElementClassifier] Residual name collision on "web-index-php-pim-viewEmployeeList" after disambiguating "employeeRow1Checkbox" — "employeeRow1Checkbox1" still duplicated; appending running-counter suffix -> "employeeRow1Checkbox1_2"
[ElementClassifier] Residual name collision on "web-index-php-pim-viewEmployeeList" after disambiguating "employeeRow1Checkbox" — "employeeRow1Checkbox1" still duplicated; appending running-counter suffix -> "employeeRow1Checkbox1_3"
[ElementClassifier] Disambiguated duplicate name "employeeRow1Checkbox" on "web-index-php-pim-viewEmployeeList" (3 elements) -> employeeRow1Checkbox1, employeeRow1Checkbox1_2, employeeRow1Checkbox1_3
[ElementClassifier] Residual name collision on "web-index-php-pim-viewEmployeeList" after disambiguating "employeeRow1EditButton" — "employeeRow1EditButton1" still duplicated; appending running-counter suffix -> "employeeRow1EditButton1_2"
[ElementClassifier] Disambiguated duplicate name "employeeRow1EditButton" on "web-index-php-pim-viewEmployeeList" (3 elements) -> employeeRow1EditButton1, employeeRow1EditButton2, employeeRow1EditButton1_2
[ElementClassifier] Residual name collision on "web-index-php-pim-viewEmployeeList" after disambiguating "employeeRow1DeleteButton" — "employeeRow1DeleteButton2" still duplicated; appending running-counter suffix -> "employeeRow1DeleteButton2_2"
[ElementClassifier] Disambiguated duplicate name "employeeRow1DeleteButton" on "web-index-php-pim-viewEmployeeList" (3 elements) -> employeeRow1DeleteButton2, employeeRow1DeleteButton1, employeeRow1DeleteButton2_2
[ElementClassifier] Residual name collision on "web-index-php-pim-viewEmployeeList" after disambiguating "employeeRow2Checkbox" — "employeeRow2Checkbox1" still duplicated; appending running-counter suffix -> "employeeRow2Checkbox1_2"
[ElementClassifier] Residual name collision on "web-index-php-pim-viewEmployeeList" after disambiguating "employeeRow2Checkbox" — "employeeRow2Checkbox1" still duplicated; appending running-counter suffix -> "employeeRow2Checkbox1_3"
[ElementClassifier] Disambiguated duplicate name "employeeRow2Checkbox" on "web-index-php-pim-viewEmployeeList" (3 elements) -> employeeRow2Checkbox1, employeeRow2Checkbox1_2, employeeRow2Checkbox1_3
[ElementClassifier] Residual name collision on "web-index-php-pim-viewEmployeeList" after disambiguating "employeeRow2EditButton" — "employeeRow2EditButton1" still duplicated; appending running-counter suffix -> "employeeRow2EditButton1_2"
[ElementClassifier] Disambiguated duplicate name "employeeRow2EditButton" on "web-index-php-pim-viewEmployeeList" (3 elements) -> employeeRow2EditButton1, employeeRow2EditButton2, employeeRow2EditButton1_2
[ElementClassifier] Residual name collision on "web-index-php-pim-viewEmployeeList" after disambiguating "employeeRow2DeleteButton" — "employeeRow2DeleteButton2" still duplicated; appending running-counter suffix -> "employeeRow2DeleteButton2_2"
[ElementClassifier] Disambiguated duplicate name "employeeRow2DeleteButton" on "web-index-php-pim-viewEmployeeList" (3 elements) -> employeeRow2DeleteButton2, employeeRow2DeleteButton1, employeeRow2DeleteButton2_2
[ElementClassifier] Residual name collision on "web-index-php-pim-viewEmployeeList" after disambiguating "employeeRow3Checkbox" — "employeeRow3Checkbox1" still duplicated; appending running-counter suffix -> "employeeRow3Checkbox1_2"
[ElementClassifier] Residual name collision on "web-index-php-pim-viewEmployeeList" after disambiguating "employeeRow3Checkbox" — "employeeRow3Checkbox1" still duplicated; appending running-counter suffix -> "employeeRow3Checkbox1_3"
[ElementClassifier] Disambiguated duplicate name "employeeRow3Checkbox" on "web-index-php-pim-viewEmployeeList" (3 elements) -> employeeRow3Checkbox1, employeeRow3Checkbox1_2, employeeRow3Checkbox1_3
[ElementClassifier] Residual name collision on "web-index-php-pim-viewEmployeeList" after disambiguating "employeeRow3EditButton" — "employeeRow3EditButton1" still duplicated; appending running-counter suffix -> "employeeRow3EditButton1_2"
[ElementClassifier] Disambiguated duplicate name "employeeRow3EditButton" on "web-index-php-pim-viewEmployeeList" (3 elements) -> employeeRow3EditButton1, employeeRow3EditButton2, employeeRow3EditButton1_2
[ElementClassifier] Residual name collision on "web-index-php-pim-viewEmployeeList" after disambiguating "employeeRow3DeleteButton" — "employeeRow3DeleteButton2" still duplicated; appending running-counter suffix -> "employeeRow3DeleteButton2_2"
[ElementClassifier] Disambiguated duplicate name "employeeRow3DeleteButton" on "web-index-php-pim-viewEmployeeList" (3 elements) -> employeeRow3DeleteButton2, employeeRow3DeleteButton1, employeeRow3DeleteButton2_2
[ElementClassifier] Residual name collision on "web-index-php-pim-viewEmployeeList" after disambiguating "employeeRow4Checkbox" — "employeeRow4Checkbox1" still duplicated; appending running-counter suffix -> "employeeRow4Checkbox1_2"
[ElementClassifier] Residual name collision on "web-index-php-pim-viewEmployeeList" after disambiguating "employeeRow4Checkbox" — "employeeRow4Checkbox1" still duplicated; appending running-counter suffix -> "employeeRow4Checkbox1_3"
[ElementClassifier] Disambiguated duplicate name "employeeRow4Checkbox" on "web-index-php-pim-viewEmployeeList" (3 elements) -> employeeRow4Checkbox1, employeeRow4Checkbox1_2, employeeRow4Checkbox1_3
[ElementClassifier] Residual name collision on "web-index-php-pim-viewEmployeeList" after disambiguating "employeeRow4EditButton" — "employeeRow4EditButton1" still duplicated; appending running-counter suffix -> "employeeRow4EditButton1_2"
[ElementClassifier] Disambiguated duplicate name "employeeRow4EditButton" on "web-index-php-pim-viewEmployeeList" (3 elements) -> employeeRow4EditButton1, employeeRow4EditButton2, employeeRow4EditButton1_2
[ElementClassifier] Residual name collision on "web-index-php-pim-viewEmployeeList" after disambiguating "employeeRow4DeleteButton" — "employeeRow4DeleteButton2" still duplicated; appending running-counter suffix -> "employeeRow4DeleteButton2_2"
[ElementClassifier] Disambiguated duplicate name "employeeRow4DeleteButton" on "web-index-php-pim-viewEmployeeList" (3 elements) -> employeeRow4DeleteButton2, employeeRow4DeleteButton1, employeeRow4DeleteButton2_2
[ElementClassifier] Residual name collision on "web-index-php-pim-viewEmployeeList" after disambiguating "employeeRow5Checkbox" — "employeeRow5Checkbox1" still duplicated; appending running-counter suffix -> "employeeRow5Checkbox1_2"
[ElementClassifier] Residual name collision on "web-index-php-pim-viewEmployeeList" after disambiguating "employeeRow5Checkbox" — "employeeRow5Checkbox1" still duplicated; appending running-counter suffix -> "employeeRow5Checkbox1_3"
[ElementClassifier] Disambiguated duplicate name "employeeRow5Checkbox" on "web-index-php-pim-viewEmployeeList" (3 elements) -> employeeRow5Checkbox1, employeeRow5Checkbox1_2, employeeRow5Checkbox1_3
[ElementClassifier] Residual name collision on "web-index-php-pim-viewEmployeeList" after disambiguating "employeeRow5EditButton" — "employeeRow5EditButton1" still duplicated; appending running-counter suffix -> "employeeRow5EditButton1_2"
[ElementClassifier] Disambiguated duplicate name "employeeRow5EditButton" on "web-index-php-pim-viewEmployeeList" (3 elements) -> employeeRow5EditButton1, employeeRow5EditButton2, employeeRow5EditButton1_2
[ElementClassifier] Disambiguated duplicate name "employeeRow5DeleteButton" on "web-index-php-pim-viewEmployeeList" (2 elements) -> employeeRow5DeleteButton1, employeeRow5DeleteButton2
[ElementClassifier] Disambiguated duplicate name "employeeRow6EditButton" on "web-index-php-pim-viewEmployeeList" (2 elements) -> employeeRow6EditButton2, employeeRow6EditButton1
[ElementClassifier] Residual name collision on "web-index-php-pim-viewEmployeeList" after disambiguating "employeeRow6Checkbox" — "employeeRow6Checkbox1" still duplicated; appending running-counter suffix -> "employeeRow6Checkbox1_2"
[ElementClassifier] Disambiguated duplicate name "employeeRow6Checkbox" on "web-index-php-pim-viewEmployeeList" (2 elements) -> employeeRow6Checkbox1, employeeRow6Checkbox1_2
[FORGE Crawler] Discovered: https://opensource-demo.orangehrmlive.com/web/index.php/pim/viewEmployeeList (depth 1, role: spa, elements: 100, links: 12)
[ElementClassifier] AI naming 7 elements on "web-index-php-leave-viewLeaveList" (budget remaining: 72)
[ElementClassifier] Duplicate name "search" on "web-index-php-leave-viewLeaveList" (2 elements) with no structural/container info to disambiguate meaningfully — falling back to numeric suffix. This may indicate two unrelated elements share a label, or that the structural detector failed to find a real repeated container; consider reviewing this page's DOM manually.
[ElementClassifier] Disambiguated duplicate name "search" on "web-index-php-leave-viewLeaveList" (2 elements) -> search_2
[ElementClassifier] Duplicate name "upgrade" on "web-index-php-leave-viewLeaveList" (2 elements) with no structural/container info to disambiguate meaningfully — falling back to numeric suffix. This may indicate two unrelated elements share a label, or that the structural detector failed to find a real repeated container; consider reviewing this page's DOM manually.
[ElementClassifier] Disambiguated duplicate name "upgrade" on "web-index-php-leave-viewLeaveList" (2 elements) -> upgrade_2
[ElementClassifier] Disambiguated duplicate name "yyyyDdMm" on "web-index-php-leave-viewLeaveList" (2 elements) -> yyyyDdMmFromDate, yyyyDdMmToDate
[FORGE Crawler] Discovered: https://opensource-demo.orangehrmlive.com/web/index.php/leave/viewLeaveList (depth 1, role: spa, elements: 32, links: 12)
[ElementClassifier] AI naming 3 elements on "web-index-php-time-viewEmployeeTimesheet" (budget remaining: 71)
[ElementClassifier] Duplicate name "upgrade" on "web-index-php-time-viewEmployeeTimesheet" (2 elements) with no structural/container info to disambiguate meaningfully — falling back to numeric suffix. This may indicate two unrelated elements share a label, or that the structural detector failed to find a real repeated container; consider reviewing this page's DOM manually.
[ElementClassifier] Disambiguated duplicate name "upgrade" on "web-index-php-time-viewEmployeeTimesheet" (2 elements) -> upgrade_2
[ElementClassifier] Duplicate name "view" on "web-index-php-time-viewEmployeeTimesheet" (4 elements) with no structural/container info to disambiguate meaningfully — falling back to numeric suffix. This may indicate two unrelated elements share a label, or that the structural detector failed to find a real repeated container; consider reviewing this page's DOM manually.
[ElementClassifier] Disambiguated duplicate name "view" on "web-index-php-time-viewEmployeeTimesheet" (4 elements) -> view_2, view_3, view_4
[FORGE Crawler] Discovered: https://opensource-demo.orangehrmlive.com/web/index.php/time/viewEmployeeTimesheet (depth 1, role: spa, elements: 24, links: 12)
[ElementClassifier] AI naming 20 elements on "web-index-php-recruitment-viewCandidates" (budget remaining: 70)
[ElementClassifier] AI naming 20 elements on "web-index-php-recruitment-viewCandidates" (budget remaining: 69)
[ElementClassifier] AI naming 20 elements on "web-index-php-recruitment-viewCandidates" (budget remaining: 68)
[ElementClassifier] AI naming 16 elements on "web-index-php-recruitment-viewCandidates" (budget remaining: 67)
[ElementClassifier] Duplicate name "search" on "web-index-php-recruitment-viewCandidates" (2 elements) with no structural/container info to disambiguate meaningfully — falling back to numeric suffix. This may indicate two unrelated elements share a label, or that the structural detector failed to find a real repeated container; consider reviewing this page's DOM manually.
[ElementClassifier] Disambiguated duplicate name "search" on "web-index-php-recruitment-viewCandidates" (2 elements) -> search_2
[ElementClassifier] Duplicate name "upgrade" on "web-index-php-recruitment-viewCandidates" (2 elements) with no structural/container info to disambiguate meaningfully — falling back to numeric suffix. This may indicate two unrelated elements share a label, or that the structural detector failed to find a real repeated container; consider reviewing this page's DOM manually.
[ElementClassifier] Disambiguated duplicate name "upgrade" on "web-index-php-recruitment-viewCandidates" (2 elements) -> upgrade_2
[ElementClassifier] Disambiguated duplicate name "candidateRowActionButton1" on "web-index-php-recruitment-viewCandidates" (2 elements) -> candidateRowActionButton13, candidateRowActionButton12
[ElementClassifier] Residual name collision on "web-index-php-recruitment-viewCandidates" after disambiguating "candidateSelectCheckbox1" — "candidateSelectCheckbox11" still duplicated; appending running-counter suffix -> "candidateSelectCheckbox11_2"
[ElementClassifier] Disambiguated duplicate name "candidateSelectCheckbox1" on "web-index-php-recruitment-viewCandidates" (2 elements) -> candidateSelectCheckbox11, candidateSelectCheckbox11_2
[ElementClassifier] Residual name collision on "web-index-php-recruitment-viewCandidates" after disambiguating "candidateViewButton1" — "candidateViewButton11" still duplicated; appending running-counter suffix -> "candidateViewButton11_2"
[ElementClassifier] Disambiguated duplicate name "candidateViewButton1" on "web-index-php-recruitment-viewCandidates" (2 elements) -> candidateViewButton11, candidateViewButton11_2
[ElementClassifier] Residual name collision on "web-index-php-recruitment-viewCandidates" after disambiguating "candidateEditButton1" — "candidateEditButton12" still duplicated; appending running-counter suffix -> "candidateEditButton12_2"
[ElementClassifier] Disambiguated duplicate name "candidateEditButton1" on "web-index-php-recruitment-viewCandidates" (2 elements) -> candidateEditButton12, candidateEditButton12_2
[ElementClassifier] Residual name collision on "web-index-php-recruitment-viewCandidates" after disambiguating "candidateSelectCheckbox2" — "candidateSelectCheckbox21" still duplicated; appending running-counter suffix -> "candidateSelectCheckbox21_2"
[ElementClassifier] Disambiguated duplicate name "candidateSelectCheckbox2" on "web-index-php-recruitment-viewCandidates" (2 elements) -> candidateSelectCheckbox21, candidateSelectCheckbox21_2
[ElementClassifier] Disambiguated duplicate name "candidateViewButton2" on "web-index-php-recruitment-viewCandidates" (2 elements) -> candidateViewButton21, candidateViewButton22
[ElementClassifier] Disambiguated duplicate name "candidateEditButton2" on "web-index-php-recruitment-viewCandidates" (2 elements) -> candidateEditButton22, candidateEditButton23
[ElementClassifier] Residual name collision on "web-index-php-recruitment-viewCandidates" after disambiguating "candidateSelectCheckbox3" — "candidateSelectCheckbox31" still duplicated; appending running-counter suffix -> "candidateSelectCheckbox31_2"
[ElementClassifier] Disambiguated duplicate name "candidateSelectCheckbox3" on "web-index-php-recruitment-viewCandidates" (2 elements) -> candidateSelectCheckbox31, candidateSelectCheckbox31_2
[ElementClassifier] Disambiguated duplicate name "candidateViewButton3" on "web-index-php-recruitment-viewCandidates" (2 elements) -> candidateViewButton31, candidateViewButton32
[ElementClassifier] Disambiguated duplicate name "candidateEditButton3" on "web-index-php-recruitment-viewCandidates" (2 elements) -> candidateEditButton32, candidateEditButton33
[ElementClassifier] Residual name collision on "web-index-php-recruitment-viewCandidates" after disambiguating "candidateSelectCheckbox4" — "candidateSelectCheckbox41" still duplicated; appending running-counter suffix -> "candidateSelectCheckbox41_2"
[ElementClassifier] Disambiguated duplicate name "candidateSelectCheckbox4" on "web-index-php-recruitment-viewCandidates" (2 elements) -> candidateSelectCheckbox41, candidateSelectCheckbox41_2
[ElementClassifier] Disambiguated duplicate name "candidateViewButton4" on "web-index-php-recruitment-viewCandidates" (2 elements) -> candidateViewButton41, candidateViewButton42
[ElementClassifier] Disambiguated duplicate name "candidateEditButton4" on "web-index-php-recruitment-viewCandidates" (2 elements) -> candidateEditButton42, candidateEditButton43
[ElementClassifier] Residual name collision on "web-index-php-recruitment-viewCandidates" after disambiguating "candidateSelectCheckbox5" — "candidateSelectCheckbox51" still duplicated; appending running-counter suffix -> "candidateSelectCheckbox51_2"
[ElementClassifier] Disambiguated duplicate name "candidateSelectCheckbox5" on "web-index-php-recruitment-viewCandidates" (2 elements) -> candidateSelectCheckbox51, candidateSelectCheckbox51_2
[ElementClassifier] Disambiguated duplicate name "candidateViewButton5" on "web-index-php-recruitment-viewCandidates" (2 elements) -> candidateViewButton51, candidateViewButton52
[ElementClassifier] Disambiguated duplicate name "candidateEditButton5" on "web-index-php-recruitment-viewCandidates" (2 elements) -> candidateEditButton52, candidateEditButton53
[FORGE Crawler] Discovered: https://opensource-demo.orangehrmlive.com/web/index.php/recruitment/viewCandidates (depth 1, role: spa, elements: 100, links: 12)
[ElementClassifier] AI naming 10 elements on "web-index-php-pim-viewPersonalDetails-empNumber-7" (budget remaining: 66)
[ElementClassifier] Duplicate name "upgrade" on "web-index-php-pim-viewPersonalDetails-empNumber-7" (2 elements) with no structural/container info to disambiguate meaningfully — falling back to numeric suffix. This may indicate two unrelated elements share a label, or that the structural detector failed to find a real repeated container; consider reviewing this page's DOM manually.
[ElementClassifier] Disambiguated duplicate name "upgrade" on "web-index-php-pim-viewPersonalDetails-empNumber-7" (2 elements) -> upgrade_2
[ElementClassifier] Disambiguated duplicate name "yyyyDdMm" on "web-index-php-pim-viewPersonalDetails-empNumber-7" (2 elements) -> yyyyDdMmLicenseExpiryDate, yyyyDdMmDateOfBirth
[ElementClassifier] Duplicate name "save" on "web-index-php-pim-viewPersonalDetails-empNumber-7" (2 elements) with no structural/container info to disambiguate meaningfully — falling back to numeric suffix. This may indicate two unrelated elements share a label, or that the structural detector failed to find a real repeated container; consider reviewing this page's DOM manually.
[ElementClassifier] Disambiguated duplicate name "save" on "web-index-php-pim-viewPersonalDetails-empNumber-7" (2 elements) -> save_2
[FORGE Crawler] Discovered: https://opensource-demo.orangehrmlive.com/web/index.php/pim/viewPersonalDetails/empNumber/7 (depth 1, role: spa, elements: 44, links: 21)
[ElementClassifier] AI naming 5 elements on "web-index-php-performance-searchEvaluatePerformanceReview" (budget remaining: 65)
[ElementClassifier] Duplicate name "search" on "web-index-php-performance-searchEvaluatePerformanceReview" (2 elements) with no structural/container info to disambiguate meaningfully — falling back to numeric suffix. This may indicate two unrelated elements share a label, or that the structural detector failed to find a real repeated container; consider reviewing this page's DOM manually.
[ElementClassifier] Disambiguated duplicate name "search" on "web-index-php-performance-searchEvaluatePerformanceReview" (2 elements) -> search_2
[ElementClassifier] Duplicate name "upgrade" on "web-index-php-performance-searchEvaluatePerformanceReview" (2 elements) with no structural/container info to disambiguate meaningfully — falling back to numeric suffix. This may indicate two unrelated elements share a label, or that the structural detector failed to find a real repeated container; consider reviewing this page's DOM manually.
[ElementClassifier] Disambiguated duplicate name "upgrade" on "web-index-php-performance-searchEvaluatePerformanceReview" (2 elements) -> upgrade_2
[ElementClassifier] Disambiguated duplicate name "yyyyDdMm" on "web-index-php-performance-searchEvaluatePerformanceReview" (2 elements) -> yyyyDdMmFromDate, yyyyDdMmToDate
[FORGE Crawler] Discovered: https://opensource-demo.orangehrmlive.com/web/index.php/performance/searchEvaluatePerformanceReview (depth 1, role: spa, elements: 28, links: 12)
[ElementClassifier] AI naming 2 elements on "web-index-php-maintenance-purgeEmployee" (budget remaining: 64)
[FORGE Crawler] Discovered: https://opensource-demo.orangehrmlive.com/web/index.php/maintenance/purgeEmployee (depth 1, role: spa, elements: 5, links: 0)
[ElementClassifier] AI naming 4 elements on "web-index-php-claim-viewAssignClaim" (budget remaining: 63)
[ElementClassifier] Duplicate name "search" on "web-index-php-claim-viewAssignClaim" (2 elements) with no structural/container info to disambiguate meaningfully — falling back to numeric suffix. This may indicate two unrelated elements share a label, or that the structural detector failed to find a real repeated container; consider reviewing this page's DOM manually.
[ElementClassifier] Disambiguated duplicate name "search" on "web-index-php-claim-viewAssignClaim" (2 elements) -> search_2
[ElementClassifier] Duplicate name "upgrade" on "web-index-php-claim-viewAssignClaim" (2 elements) with no structural/container info to disambiguate meaningfully — falling back to numeric suffix. This may indicate two unrelated elements share a label, or that the structural detector failed to find a real repeated container; consider reviewing this page's DOM manually.
[ElementClassifier] Disambiguated duplicate name "upgrade" on "web-index-php-claim-viewAssignClaim" (2 elements) -> upgrade_2
[ElementClassifier] Duplicate name "assignClaim" on "web-index-php-claim-viewAssignClaim" (2 elements) with no structural/container info to disambiguate meaningfully — falling back to numeric suffix. This may indicate two unrelated elements share a label, or that the structural detector failed to find a real repeated container; consider reviewing this page's DOM manually.
[ElementClassifier] Disambiguated duplicate name "assignClaim" on "web-index-php-claim-viewAssignClaim" (2 elements) -> assignClaim_2
[ElementClassifier] Disambiguated duplicate name "typeForHints" on "web-index-php-claim-viewAssignClaim" (2 elements) -> typeForHintsEmployeeName, typeForHintsReferenceId
[ElementClassifier] Disambiguated duplicate name "yyyyDdMm" on "web-index-php-claim-viewAssignClaim" (2 elements) -> yyyyDdMmFromDate, yyyyDdMmToDate
[ElementClassifier] Residual name collision on "web-index-php-claim-viewAssignClaim" after disambiguating "viewDetails" — "viewDetails9" still duplicated; appending running-counter suffix -> "viewDetails9_2"
[ElementClassifier] Residual name collision on "web-index-php-claim-viewAssignClaim" after disambiguating "viewDetails" — "viewDetails9" still duplicated; appending running-counter suffix -> "viewDetails9_3"
[ElementClassifier] Disambiguated duplicate name "viewDetails" on "web-index-php-claim-viewAssignClaim" (3 elements) -> viewDetails9, viewDetails9_2, viewDetails9_3
[FORGE Crawler] Discovered: https://opensource-demo.orangehrmlive.com/web/index.php/claim/viewAssignClaim (depth 1, role: spa, elements: 34, links: 12)
[SPAStrategy] Depth 1 → 2: 23 new URL(s) discovered
[ElementClassifier] AI naming 4 elements on "web-index-php-admin-nationality" (budget remaining: 62)
[FORGE Crawler] Discovered: https://opensource-demo.orangehrmlive.com/web/index.php/admin/nationality (depth 2, role: spa, elements: 8, links: 0)
[ElementClassifier] AI naming 4 elements on "web-index-php-admin-addTheme" (budget remaining: 61)
[FORGE Crawler] Discovered: https://opensource-demo.orangehrmlive.com/web/index.php/admin/addTheme (depth 2, role: spa, elements: 8, links: 0)
[ElementClassifier] AI naming 4 elements on "web-index-php-pim-addEmployee" (budget remaining: 60)
[FORGE Crawler] Discovered: https://opensource-demo.orangehrmlive.com/web/index.php/pim/addEmployee (depth 2, role: spa, elements: 8, links: 0)
[ElementClassifier] AI naming 4 elements on "web-index-php-pim-viewDefinedPredefinedReports" (budget remaining: 59)
[FORGE Crawler] Discovered: https://opensource-demo.orangehrmlive.com/web/index.php/pim/viewDefinedPredefinedReports (depth 2, role: spa, elements: 8, links: 0)
[ElementClassifier] AI naming 4 elements on "web-index-php-leave-applyLeave" (budget remaining: 58)
[FORGE Crawler] Discovered: https://opensource-demo.orangehrmlive.com/web/index.php/leave/applyLeave (depth 2, role: spa, elements: 8, links: 0)
[ElementClassifier] AI naming 4 elements on "web-index-php-leave-viewMyLeaveList" (budget remaining: 57)
[FORGE Crawler] Discovered: https://opensource-demo.orangehrmlive.com/web/index.php/leave/viewMyLeaveList (depth 2, role: spa, elements: 8, links: 0)
[ElementClassifier] AI naming 4 elements on "web-index-php-leave-assignLeave" (budget remaining: 56)
[FORGE Crawler] Discovered: https://opensource-demo.orangehrmlive.com/web/index.php/leave/assignLeave (depth 2, role: spa, elements: 8, links: 0)
[ElementClassifier] AI naming 4 elements on "web-index-php-recruitment-viewJobVacancy" (budget remaining: 55)
[FORGE Crawler] Discovered: https://opensource-demo.orangehrmlive.com/web/index.php/recruitment/viewJobVacancy (depth 2, role: spa, elements: 8, links: 0)
[ElementClassifier] AI naming 4 elements on "web-index-php-pim-contactDetails-empNumber-7" (budget remaining: 54)
[FORGE Crawler] Discovered: https://opensource-demo.orangehrmlive.com/web/index.php/pim/contactDetails/empNumber/7 (depth 2, role: spa, elements: 8, links: 0)
[SPAStrategy] Complete | 30 pages discovered | reached depth 2 of maxDepth 3
[SelfCorrection] No correction needed — 30 pages, mode=spa
[FORGE Crawler] Role: adminUser | Complete | 30 pages
════════════════════════════════════════════════════════
[FORGE Crawler] BUDGET STATUS: WITHIN BUDGET — crawl completed at maxDepth=3 without exhausting the AI budget.
════════════════════════════════════════════════════════
[Crawler] Model written to C:\e2e-ai-testing-framework\models\orangehrm\app-model.json
[Crawler] Model validated successfully
[Crawler] Model persisted to DB

[CLI] Crawl complete — 30 pages discovered
[CLI] Review: models/orangehrm/app-model.json
[CLI] Next:   npm run onboard:verify -- --app=orangehrm
