
> e2e-ai-testing-framework@1.0.0 onboard
> tsx src/core/onboarding/cli.ts crawl --app=orangehrm

[storage] Using SQLite (better-sqlite3): ./forge-framework.db
[migration] Already up to date.
[CLI] Loading config: C:\e2e-ai-testing-framework\src\apps\desktop\ui\orangehrm\onboarding.orangehrm.config.ts
[FORGE Crawler] Starting crawl of https://opensource-demo.orangehrmlive.com | Budget: pages=30 depth=3 ai=100
[FORGE Crawler] Role: adminUser — authenticating...
[AuthManager] Authenticated as adminUser — start URL: https://opensource-demo.orangehrmlive.com/web/index.php/dashboard/index
[StrategyDetector] Using config override: spa
[FORGE Crawler] Role: adminUser | Mode: spa | Start: https://opensource-demo.orangehrmlive.com/web/index.php/dashboard/index
[SPAStrategy] Starting from: https://opensource-demo.orangehrmlive.com/web/index.php/dashboard/index | Budget: 30 pages | maxDepth: 3
[ElementClassifier] AI naming 4 elements on "web-index-php-dashboard-index" (budget remaining: 99)
[ElementClassifier] Duplicate name "upgrade" on "web-index-php-dashboard-index" (2 elements) with no structural/container info to disambiguate meaningfully — falling back to numeric suffix. This may indicate two unrelated elements share a label, or that the structural detector failed to find a real repeated container; consider reviewing this page's DOM manually.
[ElementClassifier] Disambiguated duplicate name "upgrade" on "web-index-php-dashboard-index" (2 elements) -> upgrade_2
[FORGE Crawler] Discovered: https://opensource-demo.orangehrmlive.com/web/index.php/dashboard/index (depth 0, role: spa, elements: 20, links: 11)
[SPAStrategy] Depth 0 → 1: 20 new URL(s) discovered
[ElementClassifier] AI naming 5 elements on "web-index-php-admin-viewAdminModule" (budget remaining: 98)
[ElementClassifier] Duplicate name "search" on "web-index-php-admin-viewAdminModule" (2 elements) with no structural/container info to disambiguate meaningfully — falling back to numeric suffix. This may indicate two unrelated elements share a label, or that the structural detector failed to find a real repeated container; consider reviewing this page's DOM manually.
[ElementClassifier] Disambiguated duplicate name "search" on "web-index-php-admin-viewAdminModule" (2 elements) -> search_2
[ElementClassifier] Duplicate name "upgrade" on "web-index-php-admin-viewAdminModule" (2 elements) with no structural/container info to disambiguate meaningfully — falling back to numeric suffix. This may indicate two unrelated elements share a label, or that the structural detector failed to find a real repeated container; consider reviewing this page's DOM manually.
[ElementClassifier] Disambiguated duplicate name "upgrade" on "web-index-php-admin-viewAdminModule" (2 elements) -> upgrade_2
[FORGE Crawler] Discovered: https://opensource-demo.orangehrmlive.com/web/index.php/admin/viewAdminModule (depth 1, role: spa, elements: 27, links: 11)
[ElementClassifier] AI naming 5 elements on "web-index-php-pim-viewPimModule" (budget remaining: 97)
[ElementClassifier] Duplicate name "search" on "web-index-php-pim-viewPimModule" (2 elements) with no structural/container info to disambiguate meaningfully — falling back to numeric suffix. This may indicate two unrelated elements share a label, or that the structural detector failed to find a real repeated container; consider reviewing this page's DOM manually.
[ElementClassifier] Disambiguated duplicate name "search" on "web-index-php-pim-viewPimModule" (2 elements) -> search_2
[ElementClassifier] Duplicate name "upgrade" on "web-index-php-pim-viewPimModule" (2 elements) with no structural/container info to disambiguate meaningfully — falling back to numeric suffix. This may indicate two unrelated elements share a label, or that the structural detector failed to find a real repeated container; consider reviewing this page's DOM manually.
[ElementClassifier] Disambiguated duplicate name "upgrade" on "web-index-php-pim-viewPimModule" (2 elements) -> upgrade_2
[ElementClassifier] Disambiguated duplicate name "typeForHints" on "web-index-php-pim-viewPimModule" (2 elements) -> typeForHintsEmployeeName, typeForHintsSupervisorName
[FORGE Crawler] Discovered: https://opensource-demo.orangehrmlive.com/web/index.php/pim/viewPimModule (depth 1, role: spa, elements: 29, links: 11)
[FORGE Crawler] Discovered: https://opensource-demo.orangehrmlive.com/web/index.php/leave/viewLeaveModule (depth 1, role: spa, elements: 0, links: 0)
[ElementClassifier] AI naming 3 elements on "web-index-php-time-viewTimeModule" (budget remaining: 96)
[ElementClassifier] Duplicate name "upgrade" on "web-index-php-time-viewTimeModule" (2 elements) with no structural/container info to disambiguate meaningfully — falling back to numeric suffix. This may indicate two unrelated elements share a label, or that the structural detector failed to find a real repeated container; consider reviewing this page's DOM manually.
[ElementClassifier] Disambiguated duplicate name "upgrade" on "web-index-php-time-viewTimeModule" (2 elements) -> upgrade_2
[FORGE Crawler] Discovered: https://opensource-demo.orangehrmlive.com/web/index.php/time/viewTimeModule (depth 1, role: spa, elements: 21, links: 11)
[ElementClassifier] AI naming 4 elements on "web-index-php-recruitment-viewRecruitmentModule" (budget remaining: 95)
[ElementClassifier] Duplicate name "search" on "web-index-php-recruitment-viewRecruitmentModule" (2 elements) with no structural/container info to disambiguate meaningfully — falling back to numeric suffix. This may indicate two unrelated elements share a label, or that the structural detector failed to find a real repeated container; consider reviewing this page's DOM manually.
[ElementClassifier] Disambiguated duplicate name "search" on "web-index-php-recruitment-viewRecruitmentModule" (2 elements) -> search_2
[ElementClassifier] Duplicate name "upgrade" on "web-index-php-recruitment-viewRecruitmentModule" (2 elements) with no structural/container info to disambiguate meaningfully — falling back to numeric suffix. This may indicate two unrelated elements share a label, or that the structural detector failed to find a real repeated container; consider reviewing this page's DOM manually.
[ElementClassifier] Disambiguated duplicate name "upgrade" on "web-index-php-recruitment-viewRecruitmentModule" (2 elements) -> upgrade_2
[FORGE Crawler] Discovered: https://opensource-demo.orangehrmlive.com/web/index.php/recruitment/viewRecruitmentModule (depth 1, role: spa, elements: 29, links: 11)
[ElementClassifier] AI naming 11 elements on "web-index-php-pim-viewMyDetails" (budget remaining: 94)
[ElementClassifier] Duplicate name "upgrade" on "web-index-php-pim-viewMyDetails" (2 elements) with no structural/container info to disambiguate meaningfully — falling back to numeric suffix. This may indicate two unrelated elements share a label, or that the structural detector failed to find a real repeated container; consider reviewing this page's DOM manually.
[ElementClassifier] Disambiguated duplicate name "upgrade" on "web-index-php-pim-viewMyDetails" (2 elements) -> upgrade_2
[ElementClassifier] Disambiguated duplicate name "yyyyDdMm" on "web-index-php-pim-viewMyDetails" (2 elements) -> yyyyDdMmLicenseExpiryDate, yyyyDdMmDateOfBirth
[FORGE Crawler] Discovered: https://opensource-demo.orangehrmlive.com/web/index.php/pim/viewMyDetails (depth 1, role: spa, elements: 44, links: 21)
[ElementClassifier] AI naming 4 elements on "web-index-php-performance-viewPerformanceModule" (budget remaining: 93)
[ElementClassifier] Duplicate name "search" on "web-index-php-performance-viewPerformanceModule" (2 elements) with no structural/container info to disambiguate meaningfully — falling back to numeric suffix. This may indicate two unrelated elements share a label, or that the structural detector failed to find a real repeated container; consider reviewing this page's DOM manually.
[ElementClassifier] Disambiguated duplicate name "search" on "web-index-php-performance-viewPerformanceModule" (2 elements) -> search_2
[ElementClassifier] Duplicate name "upgrade" on "web-index-php-performance-viewPerformanceModule" (2 elements) with no structural/container info to disambiguate meaningfully — falling back to numeric suffix. This may indicate two unrelated elements share a label, or that the structural detector failed to find a real repeated container; consider reviewing this page's DOM manually.
[ElementClassifier] Disambiguated duplicate name "upgrade" on "web-index-php-performance-viewPerformanceModule" (2 elements) -> upgrade_2
[ElementClassifier] Disambiguated duplicate name "yyyyDdMm" on "web-index-php-performance-viewPerformanceModule" (2 elements) -> yyyyDdMmFromDate, yyyyDdMmToDate
[FORGE Crawler] Discovered: https://opensource-demo.orangehrmlive.com/web/index.php/performance/viewPerformanceModule (depth 1, role: spa, elements: 27, links: 11)
[ElementClassifier] AI naming 4 elements on "web-index-php-directory-viewDirectory" (budget remaining: 92)
[ElementClassifier] Duplicate name "search" on "web-index-php-directory-viewDirectory" (2 elements) with no structural/container info to disambiguate meaningfully — falling back to numeric suffix. This may indicate two unrelated elements share a label, or that the structural detector failed to find a real repeated container; consider reviewing this page's DOM manually.
[ElementClassifier] Disambiguated duplicate name "search" on "web-index-php-directory-viewDirectory" (2 elements) -> search_2
[ElementClassifier] Duplicate name "upgrade" on "web-index-php-directory-viewDirectory" (2 elements) with no structural/container info to disambiguate meaningfully — falling back to numeric suffix. This may indicate two unrelated elements share a label, or that the structural detector failed to find a real repeated container; consider reviewing this page's DOM manually.
[ElementClassifier] Disambiguated duplicate name "upgrade" on "web-index-php-directory-viewDirectory" (2 elements) -> upgrade_2
[FORGE Crawler] Discovered: https://opensource-demo.orangehrmlive.com/web/index.php/directory/viewDirectory (depth 1, role: spa, elements: 23, links: 11)
[ElementClassifier] AI naming 2 elements on "web-index-php-maintenance-viewMaintenanceModule" (budget remaining: 91)
[FORGE Crawler] Discovered: https://opensource-demo.orangehrmlive.com/web/index.php/maintenance/viewMaintenanceModule (depth 1, role: spa, elements: 5, links: 0)
[ElementClassifier] AI naming 4 elements on "web-index-php-claim-viewClaimModule" (budget remaining: 90)
[ElementClassifier] Duplicate name "search" on "web-index-php-claim-viewClaimModule" (2 elements) with no structural/container info to disambiguate meaningfully — falling back to numeric suffix. This may indicate two unrelated elements share a label, or that the structural detector failed to find a real repeated container; consider reviewing this page's DOM manually.
[ElementClassifier] Disambiguated duplicate name "search" on "web-index-php-claim-viewClaimModule" (2 elements) -> search_2
[ElementClassifier] Duplicate name "upgrade" on "web-index-php-claim-viewClaimModule" (2 elements) with no structural/container info to disambiguate meaningfully — falling back to numeric suffix. This may indicate two unrelated elements share a label, or that the structural detector failed to find a real repeated container; consider reviewing this page's DOM manually.
[ElementClassifier] Disambiguated duplicate name "upgrade" on "web-index-php-claim-viewClaimModule" (2 elements) -> upgrade_2
[ElementClassifier] Duplicate name "assignClaim" on "web-index-php-claim-viewClaimModule" (2 elements) with no structural/container info to disambiguate meaningfully — falling back to numeric suffix. This may indicate two unrelated elements share a label, or that the structural detector failed to find a real repeated container; consider reviewing this page's DOM manually.
[ElementClassifier] Disambiguated duplicate name "assignClaim" on "web-index-php-claim-viewClaimModule" (2 elements) -> assignClaim_2
[ElementClassifier] Disambiguated duplicate name "typeForHints" on "web-index-php-claim-viewClaimModule" (2 elements) -> typeForHintsEmployeeName, typeForHintsReferenceId
[ElementClassifier] Disambiguated duplicate name "yyyyDdMm" on "web-index-php-claim-viewClaimModule" (2 elements) -> yyyyDdMmFromDate, yyyyDdMmToDate
[FORGE Crawler] Discovered: https://opensource-demo.orangehrmlive.com/web/index.php/claim/viewClaimModule (depth 1, role: spa, elements: 31, links: 11)
[FORGE Crawler] Discovered: https://opensource-demo.orangehrmlive.com/web/index.php/buzz/viewBuzz (depth 1, role: spa, elements: 0, links: 0)
[ElementClassifier] AI naming 5 elements on "web-index-php-admin-viewSystemUsers" (budget remaining: 89)
[ElementClassifier] Duplicate name "search" on "web-index-php-admin-viewSystemUsers" (2 elements) with no structural/container info to disambiguate meaningfully — falling back to numeric suffix. This may indicate two unrelated elements share a label, or that the structural detector failed to find a real repeated container; consider reviewing this page's DOM manually.
[ElementClassifier] Disambiguated duplicate name "search" on "web-index-php-admin-viewSystemUsers" (2 elements) -> search_2
[ElementClassifier] Duplicate name "upgrade" on "web-index-php-admin-viewSystemUsers" (2 elements) with no structural/container info to disambiguate meaningfully — falling back to numeric suffix. This may indicate two unrelated elements share a label, or that the structural detector failed to find a real repeated container; consider reviewing this page's DOM manually.
[ElementClassifier] Disambiguated duplicate name "upgrade" on "web-index-php-admin-viewSystemUsers" (2 elements) -> upgrade_2
[FORGE Crawler] Discovered: https://opensource-demo.orangehrmlive.com/web/index.php/admin/viewSystemUsers (depth 1, role: spa, elements: 27, links: 12)
[ElementClassifier] AI naming 5 elements on "web-index-php-pim-viewEmployeeList" (budget remaining: 88)
[ElementClassifier] Duplicate name "search" on "web-index-php-pim-viewEmployeeList" (2 elements) with no structural/container info to disambiguate meaningfully — falling back to numeric suffix. This may indicate two unrelated elements share a label, or that the structural detector failed to find a real repeated container; consider reviewing this page's DOM manually.
[ElementClassifier] Disambiguated duplicate name "search" on "web-index-php-pim-viewEmployeeList" (2 elements) -> search_2
[ElementClassifier] Duplicate name "upgrade" on "web-index-php-pim-viewEmployeeList" (2 elements) with no structural/container info to disambiguate meaningfully — falling back to numeric suffix. This may indicate two unrelated elements share a label, or that the structural detector failed to find a real repeated container; consider reviewing this page's DOM manually.
[ElementClassifier] Disambiguated duplicate name "upgrade" on "web-index-php-pim-viewEmployeeList" (2 elements) -> upgrade_2
[ElementClassifier] Disambiguated duplicate name "typeForHints" on "web-index-php-pim-viewEmployeeList" (2 elements) -> typeForHintsEmployeeName, typeForHintsSupervisorName
[FORGE Crawler] Discovered: https://opensource-demo.orangehrmlive.com/web/index.php/pim/viewEmployeeList (depth 1, role: spa, elements: 29, links: 12)
[ElementClassifier] AI naming 7 elements on "web-index-php-leave-viewLeaveList" (budget remaining: 87)
[ElementClassifier] Duplicate name "search" on "web-index-php-leave-viewLeaveList" (2 elements) with no structural/container info to disambiguate meaningfully — falling back to numeric suffix. This may indicate two unrelated elements share a label, or that the structural detector failed to find a real repeated container; consider reviewing this page's DOM manually.
[ElementClassifier] Disambiguated duplicate name "search" on "web-index-php-leave-viewLeaveList" (2 elements) -> search_2
[ElementClassifier] Duplicate name "upgrade" on "web-index-php-leave-viewLeaveList" (2 elements) with no structural/container info to disambiguate meaningfully — falling back to numeric suffix. This may indicate two unrelated elements share a label, or that the structural detector failed to find a real repeated container; consider reviewing this page's DOM manually.
[ElementClassifier] Disambiguated duplicate name "upgrade" on "web-index-php-leave-viewLeaveList" (2 elements) -> upgrade_2
[ElementClassifier] Disambiguated duplicate name "yyyyDdMm" on "web-index-php-leave-viewLeaveList" (2 elements) -> yyyyDdMmFromDate, yyyyDdMmToDate
[FORGE Crawler] Discovered: https://opensource-demo.orangehrmlive.com/web/index.php/leave/viewLeaveList (depth 1, role: spa, elements: 32, links: 12)
[ElementClassifier] AI naming 3 elements on "web-index-php-time-viewEmployeeTimesheet" (budget remaining: 86)
[ElementClassifier] Duplicate name "upgrade" on "web-index-php-time-viewEmployeeTimesheet" (2 elements) with no structural/container info to disambiguate meaningfully — falling back to numeric suffix. This may indicate two unrelated elements share a label, or that the structural detector failed to find a real repeated container; consider reviewing this page's DOM manually.
[ElementClassifier] Disambiguated duplicate name "upgrade" on "web-index-php-time-viewEmployeeTimesheet" (2 elements) -> upgrade_2
[ElementClassifier] Duplicate name "view" on "web-index-php-time-viewEmployeeTimesheet" (4 elements) with no structural/container info to disambiguate meaningfully — falling back to numeric suffix. This may indicate two unrelated elements share a label, or that the structural detector failed to find a real repeated container; consider reviewing this page's DOM manually.
[ElementClassifier] Disambiguated duplicate name "view" on "web-index-php-time-viewEmployeeTimesheet" (4 elements) -> view_2, view_3, view_4
[FORGE Crawler] Discovered: https://opensource-demo.orangehrmlive.com/web/index.php/time/viewEmployeeTimesheet (depth 1, role: spa, elements: 24, links: 12)
[ElementClassifier] AI naming 4 elements on "web-index-php-recruitment-viewCandidates" (budget remaining: 85)
[ElementClassifier] Duplicate name "search" on "web-index-php-recruitment-viewCandidates" (2 elements) with no structural/container info to disambiguate meaningfully — falling back to numeric suffix. This may indicate two unrelated elements share a label, or that the structural detector failed to find a real repeated container; consider reviewing this page's DOM manually.
[ElementClassifier] Disambiguated duplicate name "search" on "web-index-php-recruitment-viewCandidates" (2 elements) -> search_2
[ElementClassifier] Duplicate name "upgrade" on "web-index-php-recruitment-viewCandidates" (2 elements) with no structural/container info to disambiguate meaningfully — falling back to numeric suffix. This may indicate two unrelated elements share a label, or that the structural detector failed to find a real repeated container; consider reviewing this page's DOM manually.
[ElementClassifier] Disambiguated duplicate name "upgrade" on "web-index-php-recruitment-viewCandidates" (2 elements) -> upgrade_2
[FORGE Crawler] Discovered: https://opensource-demo.orangehrmlive.com/web/index.php/recruitment/viewCandidates (depth 1, role: spa, elements: 29, links: 12)
[ElementClassifier] AI naming 11 elements on "web-index-php-pim-viewPersonalDetails-empNumber-7" (budget remaining: 84)
[ElementClassifier] Duplicate name "upgrade" on "web-index-php-pim-viewPersonalDetails-empNumber-7" (2 elements) with no structural/container info to disambiguate meaningfully — falling back to numeric suffix. This may indicate two unrelated elements share a label, or that the structural detector failed to find a real repeated container; consider reviewing this page's DOM manually.
[ElementClassifier] Disambiguated duplicate name "upgrade" on "web-index-php-pim-viewPersonalDetails-empNumber-7" (2 elements) -> upgrade_2
[ElementClassifier] Disambiguated duplicate name "yyyyDdMm" on "web-index-php-pim-viewPersonalDetails-empNumber-7" (2 elements) -> yyyyDdMmLicenseExpiryDate, yyyyDdMmDateOfBirth
[FORGE Crawler] Discovered: https://opensource-demo.orangehrmlive.com/web/index.php/pim/viewPersonalDetails/empNumber/7 (depth 1, role: spa, elements: 44, links: 21)
[ElementClassifier] AI naming 5 elements on "web-index-php-performance-searchEvaluatePerformanceReview" (budget remaining: 83)
[ElementClassifier] Duplicate name "search" on "web-index-php-performance-searchEvaluatePerformanceReview" (2 elements) with no structural/container info to disambiguate meaningfully — falling back to numeric suffix. This may indicate two unrelated elements share a label, or that the structural detector failed to find a real repeated container; consider reviewing this page's DOM manually.
[ElementClassifier] Disambiguated duplicate name "search" on "web-index-php-performance-searchEvaluatePerformanceReview" (2 elements) -> search_2
[ElementClassifier] Duplicate name "upgrade" on "web-index-php-performance-searchEvaluatePerformanceReview" (2 elements) with no structural/container info to disambiguate meaningfully — falling back to numeric suffix. This may indicate two unrelated elements share a label, or that the structural detector failed to find a real repeated container; consider reviewing this page's DOM manually.
[ElementClassifier] Disambiguated duplicate name "upgrade" on "web-index-php-performance-searchEvaluatePerformanceReview" (2 elements) -> upgrade_2
[ElementClassifier] Disambiguated duplicate name "yyyyDdMm" on "web-index-php-performance-searchEvaluatePerformanceReview" (2 elements) -> yyyyDdMmFromDate, yyyyDdMmToDate
[FORGE Crawler] Discovered: https://opensource-demo.orangehrmlive.com/web/index.php/performance/searchEvaluatePerformanceReview (depth 1, role: spa, elements: 28, links: 12)
[ElementClassifier] AI naming 2 elements on "web-index-php-maintenance-purgeEmployee" (budget remaining: 82)
[FORGE Crawler] Discovered: https://opensource-demo.orangehrmlive.com/web/index.php/maintenance/purgeEmployee (depth 1, role: spa, elements: 5, links: 0)
[ElementClassifier] AI naming 4 elements on "web-index-php-claim-viewAssignClaim" (budget remaining: 81)
[ElementClassifier] Duplicate name "search" on "web-index-php-claim-viewAssignClaim" (2 elements) with no structural/container info to disambiguate meaningfully — falling back to numeric suffix. This may indicate two unrelated elements share a label, or that the structural detector failed to find a real repeated container; consider reviewing this page's DOM manually.
[ElementClassifier] Disambiguated duplicate name "search" on "web-index-php-claim-viewAssignClaim" (2 elements) -> search_2
[ElementClassifier] Duplicate name "upgrade" on "web-index-php-claim-viewAssignClaim" (2 elements) with no structural/container info to disambiguate meaningfully — falling back to numeric suffix. This may indicate two unrelated elements share a label, or that the structural detector failed to find a real repeated container; consider reviewing this page's DOM manually.
[ElementClassifier] Disambiguated duplicate name "upgrade" on "web-index-php-claim-viewAssignClaim" (2 elements) -> upgrade_2
[ElementClassifier] Duplicate name "assignClaim" on "web-index-php-claim-viewAssignClaim" (2 elements) with no structural/container info to disambiguate meaningfully — falling back to numeric suffix. This may indicate two unrelated elements share a label, or that the structural detector failed to find a real repeated container; consider reviewing this page's DOM manually.
[ElementClassifier] Disambiguated duplicate name "assignClaim" on "web-index-php-claim-viewAssignClaim" (2 elements) -> assignClaim_2
[ElementClassifier] Disambiguated duplicate name "typeForHints" on "web-index-php-claim-viewAssignClaim" (2 elements) -> typeForHintsEmployeeName, typeForHintsReferenceId
[ElementClassifier] Disambiguated duplicate name "yyyyDdMm" on "web-index-php-claim-viewAssignClaim" (2 elements) -> yyyyDdMmFromDate, yyyyDdMmToDate
[ElementClassifier] Residual name collision on "web-index-php-claim-viewAssignClaim" after disambiguating "viewDetails" — "viewDetails9" still duplicated; appending running-counter suffix -> "viewDetails9_2"
[ElementClassifier] Residual name collision on "web-index-php-claim-viewAssignClaim" after disambiguating "viewDetails" — "viewDetails9" still duplicated; appending running-counter suffix -> "viewDetails9_3"
[ElementClassifier] Disambiguated duplicate name "viewDetails" on "web-index-php-claim-viewAssignClaim" (3 elements) -> viewDetails9, viewDetails9_2, viewDetails9_3
[FORGE Crawler] Discovered: https://opensource-demo.orangehrmlive.com/web/index.php/claim/viewAssignClaim (depth 1, role: spa, elements: 34, links: 12)
[SPAStrategy] Depth 1 → 2: 22 new URL(s) discovered
[ElementClassifier] AI naming 20 elements on "web-index-php-admin-nationality" (budget remaining: 80)
[ElementClassifier] AI naming 20 elements on "web-index-php-admin-nationality" (budget remaining: 79)
[ElementClassifier] AI naming 20 elements on "web-index-php-admin-nationality" (budget remaining: 78)
[ElementClassifier] AI naming 20 elements on "web-index-php-admin-nationality" (budget remaining: 77)
[ElementClassifier] AI naming 2 elements on "web-index-php-admin-nationality" (budget remaining: 76)
[ElementClassifier] Duplicate name "upgrade" on "web-index-php-admin-nationality" (2 elements) with no structural/container info to disambiguate meaningfully — falling back to numeric suffix. This may indicate two unrelated elements share a label, or that the structural detector failed to find a real repeated container; consider reviewing this page's DOM manually.
[ElementClassifier] Disambiguated duplicate name "upgrade" on "web-index-php-admin-nationality" (2 elements) -> upgrade_2
[ElementClassifier] Residual name collision on "web-index-php-admin-nationality" after disambiguating "editNationalityButton1" — "editNationalityButton11" still duplicated; appending running-counter suffix -> "editNationalityButton11_2"
[ElementClassifier] Disambiguated duplicate name "editNationalityButton1" on "web-index-php-admin-nationality" (2 elements) -> editNationalityButton11, editNationalityButton11_2
[ElementClassifier] Residual name collision on "web-index-php-admin-nationality" after disambiguating "deleteNationalityButton1" — "deleteNationalityButton12" still duplicated; appending running-counter suffix -> "deleteNationalityButton12_2"
[ElementClassifier] Disambiguated duplicate name "deleteNationalityButton1" on "web-index-php-admin-nationality" (2 elements) -> deleteNationalityButton12, deleteNationalityButton12_2
[ElementClassifier] Residual name collision on "web-index-php-admin-nationality" after disambiguating "editNationalityButton2" — "editNationalityButton21" still duplicated; appending running-counter suffix -> "editNationalityButton21_2"
[ElementClassifier] Disambiguated duplicate name "editNationalityButton2" on "web-index-php-admin-nationality" (2 elements) -> editNationalityButton21, editNationalityButton21_2
[ElementClassifier] Residual name collision on "web-index-php-admin-nationality" after disambiguating "deleteNationalityButton2" — "deleteNationalityButton22" still duplicated; appending running-counter suffix -> "deleteNationalityButton22_2"
[ElementClassifier] Disambiguated duplicate name "deleteNationalityButton2" on "web-index-php-admin-nationality" (2 elements) -> deleteNationalityButton22, deleteNationalityButton22_2
[ElementClassifier] Residual name collision on "web-index-php-admin-nationality" after disambiguating "editNationalityButton3" — "editNationalityButton31" still duplicated; appending running-counter suffix -> "editNationalityButton31_2"
[ElementClassifier] Disambiguated duplicate name "editNationalityButton3" on "web-index-php-admin-nationality" (2 elements) -> editNationalityButton31, editNationalityButton31_2
[ElementClassifier] Residual name collision on "web-index-php-admin-nationality" after disambiguating "deleteNationalityButton3" — "deleteNationalityButton32" still duplicated; appending running-counter suffix -> "deleteNationalityButton32_2"
[ElementClassifier] Disambiguated duplicate name "deleteNationalityButton3" on "web-index-php-admin-nationality" (2 elements) -> deleteNationalityButton32, deleteNationalityButton32_2
[ElementClassifier] Residual name collision on "web-index-php-admin-nationality" after disambiguating "editNationalityButton4" — "editNationalityButton41" still duplicated; appending running-counter suffix -> "editNationalityButton41_2"
[ElementClassifier] Disambiguated duplicate name "editNationalityButton4" on "web-index-php-admin-nationality" (2 elements) -> editNationalityButton41, editNationalityButton41_2
[ElementClassifier] Residual name collision on "web-index-php-admin-nationality" after disambiguating "deleteNationalityButton4" — "deleteNationalityButton42" still duplicated; appending running-counter suffix -> "deleteNationalityButton42_2"
[ElementClassifier] Disambiguated duplicate name "deleteNationalityButton4" on "web-index-php-admin-nationality" (2 elements) -> deleteNationalityButton42, deleteNationalityButton42_2
[ElementClassifier] Residual name collision on "web-index-php-admin-nationality" after disambiguating "editNationalityButton5" — "editNationalityButton51" still duplicated; appending running-counter suffix -> "editNationalityButton51_2"
[ElementClassifier] Disambiguated duplicate name "editNationalityButton5" on "web-index-php-admin-nationality" (2 elements) -> editNationalityButton51, editNationalityButton51_2
[ElementClassifier] Residual name collision on "web-index-php-admin-nationality" after disambiguating "deleteNationalityButton5" — "deleteNationalityButton52" still duplicated; appending running-counter suffix -> "deleteNationalityButton52_2"
[ElementClassifier] Disambiguated duplicate name "deleteNationalityButton5" on "web-index-php-admin-nationality" (2 elements) -> deleteNationalityButton52, deleteNationalityButton52_2
[FORGE Crawler] Discovered: https://opensource-demo.orangehrmlive.com/web/index.php/admin/nationality (depth 2, role: spa, elements: 100, links: 12)
[ElementClassifier] AI naming 7 elements on "web-index-php-admin-addTheme" (budget remaining: 75)
[ElementClassifier] Duplicate name "upgrade" on "web-index-php-admin-addTheme" (2 elements) with no structural/container info to disambiguate meaningfully — falling back to numeric suffix. This may indicate two unrelated elements share a label, or that the structural detector failed to find a real repeated container; consider reviewing this page's DOM manually.
[ElementClassifier] Disambiguated duplicate name "upgrade" on "web-index-php-admin-addTheme" (2 elements) -> upgrade_2
[FORGE Crawler] Discovered: https://opensource-demo.orangehrmlive.com/web/index.php/admin/addTheme (depth 2, role: spa, elements: 28, links: 12)
[ElementClassifier] AI naming 7 elements on "web-index-php-pim-addEmployee" (budget remaining: 74)
[ElementClassifier] Duplicate name "upgrade" on "web-index-php-pim-addEmployee" (2 elements) with no structural/container info to disambiguate meaningfully — falling back to numeric suffix. This may indicate two unrelated elements share a label, or that the structural detector failed to find a real repeated container; consider reviewing this page's DOM manually.
[ElementClassifier] Disambiguated duplicate name "upgrade" on "web-index-php-pim-addEmployee" (2 elements) -> upgrade_2
[FORGE Crawler] Discovered: https://opensource-demo.orangehrmlive.com/web/index.php/pim/addEmployee (depth 2, role: spa, elements: 31, links: 12)
[ElementClassifier] AI naming 20 elements on "web-index-php-pim-viewDefinedPredefinedReports" (budget remaining: 73)
[ElementClassifier] AI naming 1 elements on "web-index-php-pim-viewDefinedPredefinedReports" (budget remaining: 72)
[ElementClassifier] Duplicate name "search" on "web-index-php-pim-viewDefinedPredefinedReports" (2 elements) with no structural/container info to disambiguate meaningfully — falling back to numeric suffix. This may indicate two unrelated elements share a label, or that the structural detector failed to find a real repeated container; consider reviewing this page's DOM manually.
[ElementClassifier] Disambiguated duplicate name "search" on "web-index-php-pim-viewDefinedPredefinedReports" (2 elements) -> search_2
[ElementClassifier] Duplicate name "upgrade" on "web-index-php-pim-viewDefinedPredefinedReports" (2 elements) with no structural/container info to disambiguate meaningfully — falling back to numeric suffix. This may indicate two unrelated elements share a label, or that the structural detector failed to find a real repeated container; consider reviewing this page's DOM manually.
[ElementClassifier] Disambiguated duplicate name "upgrade" on "web-index-php-pim-viewDefinedPredefinedReports" (2 elements) -> upgrade_2
[FORGE Crawler] Discovered: https://opensource-demo.orangehrmlive.com/web/index.php/pim/viewDefinedPredefinedReports (depth 2, role: spa, elements: 44, links: 12)
[ElementClassifier] AI naming 4 elements on "web-index-php-leave-applyLeave" (budget remaining: 71)
[ElementClassifier] Duplicate name "upgrade" on "web-index-php-leave-applyLeave" (2 elements) with no structural/container info to disambiguate meaningfully — falling back to numeric suffix. This may indicate two unrelated elements share a label, or that the structural detector failed to find a real repeated container; consider reviewing this page's DOM manually.
[ElementClassifier] Disambiguated duplicate name "upgrade" on "web-index-php-leave-applyLeave" (2 elements) -> upgrade_2
[ElementClassifier] Duplicate name "apply" on "web-index-php-leave-applyLeave" (2 elements) with no structural/container info to disambiguate meaningfully — falling back to numeric suffix. This may indicate two unrelated elements share a label, or that the structural detector failed to find a real repeated container; consider reviewing this page's DOM manually.
[ElementClassifier] Disambiguated duplicate name "apply" on "web-index-php-leave-applyLeave" (2 elements) -> apply_2
[ElementClassifier] Disambiguated duplicate name "mmDdYyyy" on "web-index-php-leave-applyLeave" (2 elements) -> mmDdYyyyFromDate, mmDdYyyyToDate
[FORGE Crawler] Discovered: https://opensource-demo.orangehrmlive.com/web/index.php/leave/applyLeave (depth 2, role: spa, elements: 27, links: 12)
[ElementClassifier] AI naming 6 elements on "web-index-php-leave-viewMyLeaveList" (budget remaining: 70)
[ElementClassifier] Duplicate name "search" on "web-index-php-leave-viewMyLeaveList" (2 elements) with no structural/container info to disambiguate meaningfully — falling back to numeric suffix. This may indicate two unrelated elements share a label, or that the structural detector failed to find a real repeated container; consider reviewing this page's DOM manually.
[ElementClassifier] Disambiguated duplicate name "search" on "web-index-php-leave-viewMyLeaveList" (2 elements) -> search_2
[ElementClassifier] Duplicate name "upgrade" on "web-index-php-leave-viewMyLeaveList" (2 elements) with no structural/container info to disambiguate meaningfully — falling back to numeric suffix. This may indicate two unrelated elements share a label, or that the structural detector failed to find a real repeated container; consider reviewing this page's DOM manually.
[ElementClassifier] Disambiguated duplicate name "upgrade" on "web-index-php-leave-viewMyLeaveList" (2 elements) -> upgrade_2
[ElementClassifier] Disambiguated duplicate name "mmDdYyyy" on "web-index-php-leave-viewMyLeaveList" (2 elements) -> mmDdYyyyFromDate, mmDdYyyyToDate
[FORGE Crawler] Discovered: https://opensource-demo.orangehrmlive.com/web/index.php/leave/viewMyLeaveList (depth 2, role: spa, elements: 30, links: 12)
[ElementClassifier] AI naming 4 elements on "web-index-php-leave-assignLeave" (budget remaining: 69)
[ElementClassifier] Duplicate name "upgrade" on "web-index-php-leave-assignLeave" (2 elements) with no structural/container info to disambiguate meaningfully — falling back to numeric suffix. This may indicate two unrelated elements share a label, or that the structural detector failed to find a real repeated container; consider reviewing this page's DOM manually.
[ElementClassifier] Disambiguated duplicate name "upgrade" on "web-index-php-leave-assignLeave" (2 elements) -> upgrade_2
[ElementClassifier] Disambiguated duplicate name "mmDdYyyy" on "web-index-php-leave-assignLeave" (2 elements) -> mmDdYyyyFromDate, mmDdYyyyToDate
[FORGE Crawler] Discovered: https://opensource-demo.orangehrmlive.com/web/index.php/leave/assignLeave (depth 2, role: spa, elements: 28, links: 12)
[ElementClassifier] AI naming 20 elements on "web-index-php-recruitment-viewJobVacancy" (budget remaining: 68)
[ElementClassifier] AI naming 6 elements on "web-index-php-recruitment-viewJobVacancy" (budget remaining: 67)
[ElementClassifier] Duplicate name "search" on "web-index-php-recruitment-viewJobVacancy" (2 elements) with no structural/container info to disambiguate meaningfully — falling back to numeric suffix. This may indicate two unrelated elements share a label, or that the structural detector failed to find a real repeated container; consider reviewing this page's DOM manually.
[ElementClassifier] Disambiguated duplicate name "search" on "web-index-php-recruitment-viewJobVacancy" (2 elements) -> search_2
[ElementClassifier] Duplicate name "upgrade" on "web-index-php-recruitment-viewJobVacancy" (2 elements) with no structural/container info to disambiguate meaningfully — falling back to numeric suffix. This may indicate two unrelated elements share a label, or that the structural detector failed to find a real repeated container; consider reviewing this page's DOM manually.
[ElementClassifier] Disambiguated duplicate name "upgrade" on "web-index-php-recruitment-viewJobVacancy" (2 elements) -> upgrade_2
[FORGE Crawler] Discovered: https://opensource-demo.orangehrmlive.com/web/index.php/recruitment/viewJobVacancy (depth 2, role: spa, elements: 47, links: 12)
[ElementClassifier] AI naming 14 elements on "web-index-php-pim-contactDetails-empNumber-7" (budget remaining: 66)
[ElementClassifier] Duplicate name "upgrade" on "web-index-php-pim-contactDetails-empNumber-7" (2 elements) with no structural/container info to disambiguate meaningfully — falling back to numeric suffix. This may indicate two unrelated elements share a label, or that the structural detector failed to find a real repeated container; consider reviewing this page's DOM manually.
[ElementClassifier] Disambiguated duplicate name "upgrade" on "web-index-php-pim-contactDetails-empNumber-7" (2 elements) -> upgrade_2
[FORGE Crawler] Discovered: https://opensource-demo.orangehrmlive.com/web/index.php/pim/contactDetails/empNumber/7 (depth 2, role: spa, elements: 42, links: 21)
[SPAStrategy] TD-021 timing breakdown | total: 3986720ms | visit/classify (incl. AI): 236244ms (5.9%) | discovery sweep (NAV_SELECTORS + button-text): 3750474ms (94.1%) | other (frontier mgmt/overhead): 2ms (0.0%)
[SPAStrategy] Complete | 30 pages discovered | reached depth 2 of maxDepth 3
[SelfCorrection] No correction needed — 30 pages, mode=spa
[FORGE Crawler] Role: adminUser | Complete | 30 pages
════════════════════════════════════════════════════════
[FORGE Crawler] BUDGET STATUS: WITHIN BUDGET — crawl completed at maxDepth=3 without exhausting the AI budget.
════════════════════════════════════════════════════════
[Crawler] Model written to C:\e2e-ai-testing-framework\models\orangehrm\app-model.json
[Crawler] Model validated successfully
[Crawler] Model persisted to DB

[CLI] Crawl complete — 30 pages discovered
[CLI] Review: models/orangehrm/app-model.json
[CLI] Next:   npm run onboard:verify -- --app=orangehrm
CRAWL_EXIT:0
