[HealStore] Loaded 7 entries

======================================================================
Scenario A: stored heal stops resolving -> strategy-chain re-heal
======================================================================
SEEDED [td022.repro.fallback]: {"healedSelector":"#stale-selector-a","strategy":"id","firstHealed":"2026-01-01T00:00:00.000Z","lastUsed":"2026-01-05T00:00:00.000Z","consecutiveSuccesses":2,"source":"strategy-chain"}
[SmartLocator] Stored heal for "td022.repro.fallback" no longer resolves -- re-deriving via fallback/vision
[storage] Using SQLite (better-sqlite3): ./forge-framework.db
[SmartLocator] Healed "td022.repro.fallback": #also-broken-a -> #real-button (id)
[HealStore] Saved 8 entries
resolve() returned, visible: true
heal events this call: [{"key":"td022.repro.fallback","timestamp":"2026-06-21T16:18:32.483Z","originalStrategy":"css","healedStrategy":"id","healedSelector":"#real-button","source":"strategy-chain"}]
AFTER resolve() [td022.repro.fallback]: {"healedSelector":"#real-button","strategy":"id","firstHealed":"2026-01-01T00:00:00.000Z","lastUsed":"2026-06-21T16:18:32.483Z","consecutiveSuccesses":3,"source":"strategy-chain"}
firstHealed carried forward (expect true): true
consecutiveSuccesses == 3 (expect true): true (actual: 3)
[HealStore] Retired heal for "td022.repro.fallback" -- primary selector restored

======================================================================
Scenario B: stored heal stops resolving -> vision re-heal
======================================================================
SEEDED [td022.repro.vision]: {"healedSelector":"#stale-selector-b","strategy":"id","firstHealed":"2026-02-01T00:00:00.000Z","lastUsed":"2026-02-15T00:00:00.000Z","consecutiveSuccesses":3,"source":"strategy-chain"}
[SmartLocator] Stored heal for "td022.repro.vision" no longer resolves -- re-deriving via fallback/vision
[stub VisionHealer] returning deterministic success -> #real-button
[SmartLocator] Vision healed "td022.repro.vision": #real-button (confidence: 0.95)
[HealStore] Saved 8 entries
resolve() returned, visible: true
heal events this call: [{"key":"td022.repro.vision","timestamp":"2026-06-21T16:18:38.622Z","originalStrategy":"css","healedStrategy":"css","healedSelector":"#real-button","source":"vision","confidence":0.95}]
AFTER resolve() [td022.repro.vision]: {"healedSelector":"#real-button","strategy":"css","firstHealed":"2026-02-01T00:00:00.000Z","lastUsed":"2026-06-21T16:18:38.622Z","consecutiveSuccesses":4,"source":"vision"}
firstHealed carried forward (expect true): true
consecutiveSuccesses == 4 (expect true): true (actual: 4)
source == 'vision' (expect true): true (actual: vision)
[HealStore] Retired heal for "td022.repro.vision" -- primary selector restored

======================================================================
Scenario C: primary selector recovered -> stale heal entry retired (no regression check, line 41-44, untouched)
======================================================================
SEEDED [td022.repro.primaryRecovered]: {"healedSelector":"#stale-selector-c","strategy":"id","firstHealed":"2026-03-01T00:00:00.000Z","lastUsed":"2026-03-01T00:00:00.000Z","consecutiveSuccesses":1,"source":"strategy-chain"}
[SmartLocator] Stored heal for "td022.repro.primaryRecovered" no longer resolves -- re-deriving via fallback/vision
[HealStore] Retired heal for "td022.repro.primaryRecovered" -- primary selector restored
resolve() returned, visible: true
heal events this call (expect none -- primary path records no heal): []
stale entry deleted on primary recovery (expect true): true
[HealStore] Saved 7 entries

======================================================================
SUMMARY
======================================================================
{
  "scenarioA": {
    "firstHealedCarried": true,
    "consecutiveCarried": true
  },
  "scenarioB": {
    "firstHealedCarried": true,
    "consecutiveCarried": true,
    "sourceIsVision": true
  },
  "scenarioC": {
    "entryDeleted": true
  }
}

ALL CHECKS PASSED
